{"/Users/marcos/Desktop/03Projetos_Testes_Praticos/PersonalFinanceTracker/src/components/common/Button.tsx": {"path":"/Users/marcos/Desktop/03Projetos_Testes_Praticos/PersonalFinanceTracker/src/components/common/Button.tsx","statementMap":{"0":{"start":{"line":12,"column":45},"end":{"line":35,"column":1}},"1":{"start":{"line":19,"column":2},"end":{"line":34,"column":4}},"2":{"start":{"line":37,"column":15},"end":{"line":70,"column":2}}},"fnMap":{"0":{"name":"(anonymous_0)","decl":{"start":{"line":12,"column":45},"end":{"line":12,"column":46}},"loc":{"start":{"line":18,"column":6},"end":{"line":35,"column":1}},"line":18}},"branchMap":{"0":{"loc":{"start":{"line":15,"column":2},"end":{"line":15,"column":21}},"type":"default-arg","locations":[{"start":{"line":15,"column":12},"end":{"line":15,"column":21}}],"line":15},"1":{"loc":{"start":{"line":16,"column":2},"end":{"line":16,"column":18}},"type":"default-arg","locations":[{"start":{"line":16,"column":13},"end":{"line":16,"column":18}}],"line":16},"2":{"loc":{"start":{"line":24,"column":8},"end":{"line":24,"column":35}},"type":"binary-expr","locations":[{"start":{"line":24,"column":8},"end":{"line":24,"column":16}},{"start":{"line":24,"column":20},"end":{"line":24,"column":35}}],"line":24}},"s":{"0":0,"1":0,"2":0},"f":{"0":0},"b":{"0":[0],"1":[0],"2":[0,0]}}
,"/Users/marcos/Desktop/03Projetos_Testes_Praticos/PersonalFinanceTracker/src/components/common/Card.tsx": {"path":"/Users/marcos/Desktop/03Projetos_Testes_Praticos/PersonalFinanceTracker/src/components/common/Card.tsx","statementMap":{"0":{"start":{"line":10,"column":41},"end":{"line":20,"column":1}},"1":{"start":{"line":15,"column":2},"end":{"line":19,"column":4}},"2":{"start":{"line":22,"column":15},"end":{"line":35,"column":2}}},"fnMap":{"0":{"name":"(anonymous_0)","decl":{"start":{"line":10,"column":41},"end":{"line":10,"column":42}},"loc":{"start":{"line":14,"column":6},"end":{"line":20,"column":1}},"line":14}},"branchMap":{"0":{"loc":{"start":{"line":13,"column":2},"end":{"line":13,"column":14}},"type":"default-arg","locations":[{"start":{"line":13,"column":12},"end":{"line":13,"column":14}}],"line":13}},"s":{"0":0,"1":0,"2":0},"f":{"0":0},"b":{"0":[0]}}
,"/Users/marcos/Desktop/03Projetos_Testes_Praticos/PersonalFinanceTracker/src/components/common/CategoryIcon.tsx": {"path":"/Users/marcos/Desktop/03Projetos_Testes_Praticos/PersonalFinanceTracker/src/components/common/CategoryIcon.tsx","statementMap":{"0":{"start":{"line":11,"column":57},"end":{"line":57,"column":1}},"1":{"start":{"line":16,"column":22},"end":{"line":30,"column":3}},"2":{"start":{"line":17,"column":42},"end":{"line":28,"column":5}},"3":{"start":{"line":29,"column":4},"end":{"line":29,"column":44}},"4":{"start":{"line":32,"column":23},"end":{"line":46,"column":3}},"5":{"start":{"line":33,"column":43},"end":{"line":44,"column":5}},"6":{"start":{"line":45,"column":4},"end":{"line":45,"column":50}},"7":{"start":{"line":48,"column":2},"end":{"line":56,"column":4}},"8":{"start":{"line":59,"column":15},"end":{"line":67,"column":2}}},"fnMap":{"0":{"name":"(anonymous_0)","decl":{"start":{"line":11,"column":57},"end":{"line":11,"column":58}},"loc":{"start":{"line":15,"column":6},"end":{"line":57,"column":1}},"line":15},"1":{"name":"(anonymous_1)","decl":{"start":{"line":16,"column":22},"end":{"line":16,"column":23}},"loc":{"start":{"line":16,"column":52},"end":{"line":30,"column":3}},"line":16},"2":{"name":"(anonymous_2)","decl":{"start":{"line":32,"column":23},"end":{"line":32,"column":24}},"loc":{"start":{"line":32,"column":53},"end":{"line":46,"column":3}},"line":32}},"branchMap":{"0":{"loc":{"start":{"line":13,"column":2},"end":{"line":13,"column":11}},"type":"default-arg","locations":[{"start":{"line":13,"column":9},"end":{"line":13,"column":11}}],"line":13},"1":{"loc":{"start":{"line":29,"column":11},"end":{"line":29,"column":43}},"type":"binary-expr","locations":[{"start":{"line":29,"column":11},"end":{"line":29,"column":26}},{"start":{"line":29,"column":30},"end":{"line":29,"column":43}}],"line":29},"2":{"loc":{"start":{"line":45,"column":11},"end":{"line":45,"column":49}},"type":"binary-expr","locations":[{"start":{"line":45,"column":11},"end":{"line":45,"column":16}},{"start":{"line":45,"column":20},"end":{"line":45,"column":36}},{"start":{"line":45,"column":40},"end":{"line":45,"column":49}}],"line":45}},"s":{"0":0,"1":0,"2":0,"3":0,"4":0,"5":0,"6":0,"7":0,"8":0},"f":{"0":0,"1":0,"2":0},"b":{"0":[0],"1":[0,0],"2":[0,0,0]}}
,"/Users/marcos/Desktop/03Projetos_Testes_Praticos/PersonalFinanceTracker/src/navigation/AppNavigator.tsx": {"path":"/Users/marcos/Desktop/03Projetos_Testes_Praticos/PersonalFinanceTracker/src/navigation/AppNavigator.tsx","statementMap":{"0":{"start":{"line":18,"column":14},"end":{"line":18,"column":56}},"1":{"start":{"line":19,"column":12},"end":{"line":19,"column":56}},"2":{"start":{"line":21,"column":17},"end":{"line":77,"column":1}},"3":{"start":{"line":22,"column":4},"end":{"line":76,"column":6}},"4":{"start":{"line":24,"column":43},"end":{"line":45,"column":13}},"5":{"start":{"line":28,"column":20},"end":{"line":38,"column":21}},"6":{"start":{"line":29,"column":24},"end":{"line":29,"column":69}},"7":{"start":{"line":30,"column":27},"end":{"line":38,"column":21}},"8":{"start":{"line":31,"column":24},"end":{"line":31,"column":79}},"9":{"start":{"line":32,"column":27},"end":{"line":38,"column":21}},"10":{"start":{"line":33,"column":24},"end":{"line":33,"column":73}},"11":{"start":{"line":34,"column":27},"end":{"line":38,"column":21}},"12":{"start":{"line":35,"column":24},"end":{"line":35,"column":77}},"13":{"start":{"line":37,"column":24},"end":{"line":37,"column":50}},"14":{"start":{"line":40,"column":20},"end":{"line":40,"column":82}},"15":{"start":{"line":79,"column":21},"end":{"line":130,"column":1}},"16":{"start":{"line":80,"column":4},"end":{"line":129,"column":6}},"17":{"start":{"line":107,"column":45},"end":{"line":110,"column":21}},"18":{"start":{"line":115,"column":45},"end":{"line":118,"column":21}}},"fnMap":{"0":{"name":"(anonymous_0)","decl":{"start":{"line":21,"column":17},"end":{"line":21,"column":18}},"loc":{"start":{"line":21,"column":23},"end":{"line":77,"column":1}},"line":21},"1":{"name":"(anonymous_1)","decl":{"start":{"line":24,"column":27},"end":{"line":24,"column":28}},"loc":{"start":{"line":24,"column":43},"end":{"line":45,"column":13}},"line":24},"2":{"name":"(anonymous_2)","decl":{"start":{"line":25,"column":28},"end":{"line":25,"column":29}},"loc":{"start":{"line":25,"column":58},"end":{"line":41,"column":17}},"line":25},"3":{"name":"(anonymous_3)","decl":{"start":{"line":79,"column":21},"end":{"line":79,"column":22}},"loc":{"start":{"line":79,"column":27},"end":{"line":130,"column":1}},"line":79},"4":{"name":"(anonymous_4)","decl":{"start":{"line":107,"column":29},"end":{"line":107,"column":30}},"loc":{"start":{"line":107,"column":45},"end":{"line":110,"column":21}},"line":107},"5":{"name":"(anonymous_5)","decl":{"start":{"line":115,"column":29},"end":{"line":115,"column":30}},"loc":{"start":{"line":115,"column":45},"end":{"line":118,"column":21}},"line":115}},"branchMap":{"0":{"loc":{"start":{"line":28,"column":20},"end":{"line":38,"column":21}},"type":"if","locations":[{"start":{"line":28,"column":20},"end":{"line":38,"column":21}},{"start":{"line":30,"column":27},"end":{"line":38,"column":21}}],"line":28},"1":{"loc":{"start":{"line":29,"column":35},"end":{"line":29,"column":68}},"type":"cond-expr","locations":[{"start":{"line":29,"column":45},"end":{"line":29,"column":51}},{"start":{"line":29,"column":54},"end":{"line":29,"column":68}}],"line":29},"2":{"loc":{"start":{"line":30,"column":27},"end":{"line":38,"column":21}},"type":"if","locations":[{"start":{"line":30,"column":27},"end":{"line":38,"column":21}},{"start":{"line":32,"column":27},"end":{"line":38,"column":21}}],"line":30},"3":{"loc":{"start":{"line":31,"column":35},"end":{"line":31,"column":78}},"type":"cond-expr","locations":[{"start":{"line":31,"column":45},"end":{"line":31,"column":56}},{"start":{"line":31,"column":59},"end":{"line":31,"column":78}}],"line":31},"4":{"loc":{"start":{"line":32,"column":27},"end":{"line":38,"column":21}},"type":"if","locations":[{"start":{"line":32,"column":27},"end":{"line":38,"column":21}},{"start":{"line":34,"column":27},"end":{"line":38,"column":21}}],"line":32},"5":{"loc":{"start":{"line":33,"column":35},"end":{"line":33,"column":72}},"type":"cond-expr","locations":[{"start":{"line":33,"column":45},"end":{"line":33,"column":53}},{"start":{"line":33,"column":56},"end":{"line":33,"column":72}}],"line":33},"6":{"loc":{"start":{"line":34,"column":27},"end":{"line":38,"column":21}},"type":"if","locations":[{"start":{"line":34,"column":27},"end":{"line":38,"column":21}},{"start":{"line":36,"column":27},"end":{"line":38,"column":21}}],"line":34},"7":{"loc":{"start":{"line":35,"column":35},"end":{"line":35,"column":76}},"type":"cond-expr","locations":[{"start":{"line":35,"column":45},"end":{"line":35,"column":55}},{"start":{"line":35,"column":58},"end":{"line":35,"column":76}}],"line":35},"8":{"loc":{"start":{"line":108,"column":31},"end":{"line":108,"column":100}},"type":"cond-expr","locations":[{"start":{"line":108,"column":63},"end":{"line":108,"column":81}},{"start":{"line":108,"column":84},"end":{"line":108,"column":100}}],"line":108},"9":{"loc":{"start":{"line":116,"column":31},"end":{"line":116,"column":95}},"type":"cond-expr","locations":[{"start":{"line":116,"column":58},"end":{"line":116,"column":76}},{"start":{"line":116,"column":79},"end":{"line":116,"column":95}}],"line":116}},"s":{"0":0,"1":0,"2":0,"3":0,"4":0,"5":0,"6":0,"7":0,"8":0,"9":0,"10":0,"11":0,"12":0,"13":0,"14":0,"15":0,"16":0,"17":0,"18":0},"f":{"0":0,"1":0,"2":0,"3":0,"4":0,"5":0},"b":{"0":[0,0],"1":[0,0],"2":[0,0],"3":[0,0],"4":[0,0],"5":[0,0],"6":[0,0],"7":[0,0],"8":[0,0],"9":[0,0]}}
,"/Users/marcos/Desktop/03Projetos_Testes_Praticos/PersonalFinanceTracker/src/screens/SplashScreen.tsx": {"path":"/Users/marcos/Desktop/03Projetos_Testes_Praticos/PersonalFinanceTracker/src/screens/SplashScreen.tsx","statementMap":{"0":{"start":{"line":7,"column":21},"end":{"line":7,"column":36}},"1":{"start":{"line":9,"column":2},"end":{"line":15,"column":9}},"2":{"start":{"line":10,"column":18},"end":{"line":13,"column":12}},"3":{"start":{"line":12,"column":6},"end":{"line":12,"column":37}},"4":{"start":{"line":14,"column":4},"end":{"line":14,"column":37}},"5":{"start":{"line":14,"column":17},"end":{"line":14,"column":36}},"6":{"start":{"line":17,"column":2},"end":{"line":34,"column":4}},"7":{"start":{"line":37,"column":15},"end":{"line":56,"column":2}}},"fnMap":{"0":{"name":"SplashScreen","decl":{"start":{"line":6,"column":24},"end":{"line":6,"column":36}},"loc":{"start":{"line":6,"column":39},"end":{"line":35,"column":1}},"line":6},"1":{"name":"(anonymous_1)","decl":{"start":{"line":9,"column":12},"end":{"line":9,"column":13}},"loc":{"start":{"line":9,"column":18},"end":{"line":15,"column":3}},"line":9},"2":{"name":"(anonymous_2)","decl":{"start":{"line":10,"column":29},"end":{"line":10,"column":30}},"loc":{"start":{"line":10,"column":35},"end":{"line":13,"column":5}},"line":10},"3":{"name":"(anonymous_3)","decl":{"start":{"line":14,"column":11},"end":{"line":14,"column":12}},"loc":{"start":{"line":14,"column":17},"end":{"line":14,"column":36}},"line":14}},"branchMap":{},"s":{"0":0,"1":0,"2":0,"3":0,"4":0,"5":0,"6":0,"7":0},"f":{"0":0,"1":0,"2":0,"3":0},"b":{}}
,"/Users/marcos/Desktop/03Projetos_Testes_Praticos/PersonalFinanceTracker/src/screens/budget/AddBudgetScreen.tsx": {"path":"/Users/marcos/Desktop/03Projetos_Testes_Praticos/PersonalFinanceTracker/src/screens/budget/AddBudgetScreen.tsx","statementMap":{"0":{"start":{"line":42,"column":34},"end":{"line":392,"column":1}},"1":{"start":{"line":43,"column":21},"end":{"line":43,"column":52}},"2":{"start":{"line":44,"column":16},"end":{"line":44,"column":38}},"3":{"start":{"line":45,"column":25},"end":{"line":45,"column":43}},"4":{"start":{"line":53,"column":6},"end":{"line":53,"column":23}},"5":{"start":{"line":56,"column":34},"end":{"line":62,"column":4}},"6":{"start":{"line":65,"column":36},"end":{"line":65,"column":51}},"7":{"start":{"line":66,"column":46},"end":{"line":70,"column":17}},"8":{"start":{"line":71,"column":30},"end":{"line":71,"column":125}},"9":{"start":{"line":74,"column":2},"end":{"line":84,"column":19}},"10":{"start":{"line":75,"column":4},"end":{"line":83,"column":5}},"11":{"start":{"line":76,"column":6},"end":{"line":82,"column":9}},"12":{"start":{"line":87,"column":2},"end":{"line":93,"column":43}},"13":{"start":{"line":88,"column":4},"end":{"line":92,"column":5}},"14":{"start":{"line":89,"column":6},"end":{"line":89,"column":33}},"15":{"start":{"line":91,"column":6},"end":{"line":91,"column":30}},"16":{"start":{"line":95,"column":35},"end":{"line":114,"column":42}},"17":{"start":{"line":96,"column":19},"end":{"line":96,"column":50}},"18":{"start":{"line":97,"column":4},"end":{"line":100,"column":5}},"19":{"start":{"line":98,"column":6},"end":{"line":98,"column":30}},"20":{"start":{"line":99,"column":6},"end":{"line":99,"column":13}},"21":{"start":{"line":102,"column":4},"end":{"line":113,"column":5}},"22":{"start":{"line":103,"column":21},"end":{"line":107,"column":7}},"23":{"start":{"line":109,"column":6},"end":{"line":109,"column":32}},"24":{"start":{"line":111,"column":6},"end":{"line":111,"column":49}},"25":{"start":{"line":112,"column":6},"end":{"line":112,"column":30}},"26":{"start":{"line":116,"column":23},"end":{"line":140,"column":3}},"27":{"start":{"line":117,"column":105},"end":{"line":117,"column":107}},"28":{"start":{"line":120,"column":4},"end":{"line":124,"column":5}},"29":{"start":{"line":121,"column":6},"end":{"line":121,"column":47}},"30":{"start":{"line":122,"column":11},"end":{"line":124,"column":5}},"31":{"start":{"line":123,"column":6},"end":{"line":123,"column":61}},"32":{"start":{"line":127,"column":4},"end":{"line":136,"column":5}},"33":{"start":{"line":128,"column":29},"end":{"line":132,"column":7}},"34":{"start":{"line":133,"column":6},"end":{"line":135,"column":7}},"35":{"start":{"line":134,"column":8},"end":{"line":134,"column":155}},"36":{"start":{"line":138,"column":4},"end":{"line":138,"column":25}},"37":{"start":{"line":139,"column":4},"end":{"line":139,"column":47}},"38":{"start":{"line":142,"column":21},"end":{"line":193,"column":3}},"39":{"start":{"line":143,"column":4},"end":{"line":146,"column":5}},"40":{"start":{"line":144,"column":6},"end":{"line":144,"column":69}},"41":{"start":{"line":145,"column":6},"end":{"line":145,"column":13}},"42":{"start":{"line":148,"column":4},"end":{"line":148,"column":23}},"43":{"start":{"line":150,"column":4},"end":{"line":192,"column":5}},"44":{"start":{"line":151,"column":29},"end":{"line":151,"column":60}},"45":{"start":{"line":152,"column":24},"end":{"line":152,"column":38}},"46":{"start":{"line":155,"column":6},"end":{"line":166,"column":7}},"47":{"start":{"line":156,"column":27},"end":{"line":160,"column":9}},"48":{"start":{"line":161,"column":8},"end":{"line":161,"column":49}},"49":{"start":{"line":164,"column":22},"end":{"line":164,"column":79}},"50":{"start":{"line":165,"column":8},"end":{"line":165,"column":35}},"51":{"start":{"line":168,"column":25},"end":{"line":175,"column":7}},"52":{"start":{"line":177,"column":6},"end":{"line":181,"column":7}},"53":{"start":{"line":178,"column":8},"end":{"line":178,"column":48}},"54":{"start":{"line":180,"column":8},"end":{"line":180,"column":30}},"55":{"start":{"line":183,"column":6},"end":{"line":183,"column":26}},"56":{"start":{"line":185,"column":6},"end":{"line":185,"column":56}},"57":{"start":{"line":186,"column":6},"end":{"line":189,"column":8}},"58":{"start":{"line":191,"column":6},"end":{"line":191,"column":26}},"59":{"start":{"line":195,"column":28},"end":{"line":195,"column":50}},"60":{"start":{"line":196,"column":25},"end":{"line":196,"column":44}},"61":{"start":{"line":197,"column":30},"end":{"line":197,"column":70}},"62":{"start":{"line":199,"column":23},"end":{"line":199,"column":66}},"63":{"start":{"line":199,"column":60},"end":{"line":199,"column":65}},"64":{"start":{"line":200,"column":22},"end":{"line":200,"column":79}},"65":{"start":{"line":200,"column":58},"end":{"line":200,"column":78}},"66":{"start":{"line":202,"column":2},"end":{"line":391,"column":4}},"67":{"start":{"line":209,"column":43},"end":{"line":209,"column":62}},"68":{"start":{"line":237,"column":20},"end":{"line":251,"column":39}},"69":{"start":{"line":243,"column":37},"end":{"line":243,"column":78}},"70":{"start":{"line":243,"column":58},"end":{"line":243,"column":76}},"71":{"start":{"line":260,"column":20},"end":{"line":274,"column":39}},"72":{"start":{"line":266,"column":37},"end":{"line":266,"column":77}},"73":{"start":{"line":266,"column":58},"end":{"line":266,"column":75}},"74":{"start":{"line":291,"column":40},"end":{"line":291,"column":88}},"75":{"start":{"line":291,"column":61},"end":{"line":291,"column":86}},"76":{"start":{"line":300,"column":18},"end":{"line":314,"column":37}},"77":{"start":{"line":306,"column":35},"end":{"line":306,"column":94}},"78":{"start":{"line":306,"column":56},"end":{"line":306,"column":92}},"79":{"start":{"line":345,"column":31},"end":{"line":345,"column":55}},"80":{"start":{"line":346,"column":35},"end":{"line":346,"column":65}},"81":{"start":{"line":348,"column":16},"end":{"line":370,"column":18}},"82":{"start":{"line":356,"column":35},"end":{"line":356,"column":79}},"83":{"start":{"line":356,"column":56},"end":{"line":356,"column":77}},"84":{"start":{"line":394,"column":15},"end":{"line":608,"column":2}}},"fnMap":{"0":{"name":"(anonymous_0)","decl":{"start":{"line":42,"column":34},"end":{"line":42,"column":35}},"loc":{"start":{"line":42,"column":40},"end":{"line":392,"column":1}},"line":42},"1":{"name":"(anonymous_1)","decl":{"start":{"line":74,"column":12},"end":{"line":74,"column":13}},"loc":{"start":{"line":74,"column":18},"end":{"line":84,"column":3}},"line":74},"2":{"name":"(anonymous_2)","decl":{"start":{"line":87,"column":12},"end":{"line":87,"column":13}},"loc":{"start":{"line":87,"column":18},"end":{"line":93,"column":3}},"line":87},"3":{"name":"(anonymous_3)","decl":{"start":{"line":95,"column":47},"end":{"line":95,"column":48}},"loc":{"start":{"line":95,"column":59},"end":{"line":114,"column":3}},"line":95},"4":{"name":"(anonymous_4)","decl":{"start":{"line":116,"column":23},"end":{"line":116,"column":24}},"loc":{"start":{"line":116,"column":38},"end":{"line":140,"column":3}},"line":116},"5":{"name":"(anonymous_5)","decl":{"start":{"line":142,"column":21},"end":{"line":142,"column":22}},"loc":{"start":{"line":142,"column":33},"end":{"line":193,"column":3}},"line":142},"6":{"name":"(anonymous_6)","decl":{"start":{"line":199,"column":50},"end":{"line":199,"column":51}},"loc":{"start":{"line":199,"column":60},"end":{"line":199,"column":65}},"line":199},"7":{"name":"(anonymous_7)","decl":{"start":{"line":200,"column":48},"end":{"line":200,"column":49}},"loc":{"start":{"line":200,"column":58},"end":{"line":200,"column":78}},"line":200},"8":{"name":"(anonymous_8)","decl":{"start":{"line":209,"column":37},"end":{"line":209,"column":38}},"loc":{"start":{"line":209,"column":43},"end":{"line":209,"column":62}},"line":209},"9":{"name":"(anonymous_9)","decl":{"start":{"line":236,"column":36},"end":{"line":236,"column":37}},"loc":{"start":{"line":237,"column":20},"end":{"line":251,"column":39}},"line":237},"10":{"name":"(anonymous_10)","decl":{"start":{"line":243,"column":31},"end":{"line":243,"column":32}},"loc":{"start":{"line":243,"column":37},"end":{"line":243,"column":78}},"line":243},"11":{"name":"(anonymous_11)","decl":{"start":{"line":243,"column":49},"end":{"line":243,"column":50}},"loc":{"start":{"line":243,"column":58},"end":{"line":243,"column":76}},"line":243},"12":{"name":"(anonymous_12)","decl":{"start":{"line":259,"column":35},"end":{"line":259,"column":36}},"loc":{"start":{"line":260,"column":20},"end":{"line":274,"column":39}},"line":260},"13":{"name":"(anonymous_13)","decl":{"start":{"line":266,"column":31},"end":{"line":266,"column":32}},"loc":{"start":{"line":266,"column":37},"end":{"line":266,"column":77}},"line":266},"14":{"name":"(anonymous_14)","decl":{"start":{"line":266,"column":49},"end":{"line":266,"column":50}},"loc":{"start":{"line":266,"column":58},"end":{"line":266,"column":75}},"line":266},"15":{"name":"(anonymous_15)","decl":{"start":{"line":291,"column":30},"end":{"line":291,"column":31}},"loc":{"start":{"line":291,"column":40},"end":{"line":291,"column":88}},"line":291},"16":{"name":"(anonymous_16)","decl":{"start":{"line":291,"column":52},"end":{"line":291,"column":53}},"loc":{"start":{"line":291,"column":61},"end":{"line":291,"column":86}},"line":291},"17":{"name":"(anonymous_17)","decl":{"start":{"line":299,"column":41},"end":{"line":299,"column":42}},"loc":{"start":{"line":300,"column":18},"end":{"line":314,"column":37}},"line":300},"18":{"name":"(anonymous_18)","decl":{"start":{"line":306,"column":29},"end":{"line":306,"column":30}},"loc":{"start":{"line":306,"column":35},"end":{"line":306,"column":94}},"line":306},"19":{"name":"(anonymous_19)","decl":{"start":{"line":306,"column":47},"end":{"line":306,"column":48}},"loc":{"start":{"line":306,"column":56},"end":{"line":306,"column":92}},"line":306},"20":{"name":"(anonymous_20)","decl":{"start":{"line":344,"column":37},"end":{"line":344,"column":38}},"loc":{"start":{"line":344,"column":51},"end":{"line":371,"column":15}},"line":344},"21":{"name":"(anonymous_21)","decl":{"start":{"line":356,"column":29},"end":{"line":356,"column":30}},"loc":{"start":{"line":356,"column":35},"end":{"line":356,"column":79}},"line":356},"22":{"name":"(anonymous_22)","decl":{"start":{"line":356,"column":47},"end":{"line":356,"column":48}},"loc":{"start":{"line":356,"column":56},"end":{"line":356,"column":77}},"line":356}},"branchMap":{"0":{"loc":{"start":{"line":45,"column":25},"end":{"line":45,"column":43}},"type":"binary-expr","locations":[{"start":{"line":45,"column":25},"end":{"line":45,"column":37}},{"start":{"line":45,"column":41},"end":{"line":45,"column":43}}],"line":45},"1":{"loc":{"start":{"line":75,"column":4},"end":{"line":83,"column":5}},"type":"if","locations":[{"start":{"line":75,"column":4},"end":{"line":83,"column":5}},{"start":{},"end":{}}],"line":75},"2":{"loc":{"start":{"line":88,"column":4},"end":{"line":92,"column":5}},"type":"if","locations":[{"start":{"line":88,"column":4},"end":{"line":92,"column":5}},{"start":{"line":90,"column":11},"end":{"line":92,"column":5}}],"line":88},"3":{"loc":{"start":{"line":88,"column":8},"end":{"line":88,"column":54}},"type":"binary-expr","locations":[{"start":{"line":88,"column":8},"end":{"line":88,"column":23}},{"start":{"line":88,"column":27},"end":{"line":88,"column":54}}],"line":88},"4":{"loc":{"start":{"line":97,"column":4},"end":{"line":100,"column":5}},"type":"if","locations":[{"start":{"line":97,"column":4},"end":{"line":100,"column":5}},{"start":{},"end":{}}],"line":97},"5":{"loc":{"start":{"line":120,"column":4},"end":{"line":124,"column":5}},"type":"if","locations":[{"start":{"line":120,"column":4},"end":{"line":124,"column":5}},{"start":{"line":122,"column":11},"end":{"line":124,"column":5}}],"line":120},"6":{"loc":{"start":{"line":122,"column":11},"end":{"line":124,"column":5}},"type":"if","locations":[{"start":{"line":122,"column":11},"end":{"line":124,"column":5}},{"start":{},"end":{}}],"line":122},"7":{"loc":{"start":{"line":127,"column":4},"end":{"line":136,"column":5}},"type":"if","locations":[{"start":{"line":127,"column":4},"end":{"line":136,"column":5}},{"start":{},"end":{}}],"line":127},"8":{"loc":{"start":{"line":133,"column":6},"end":{"line":135,"column":7}},"type":"if","locations":[{"start":{"line":133,"column":6},"end":{"line":135,"column":7}},{"start":{},"end":{}}],"line":133},"9":{"loc":{"start":{"line":143,"column":4},"end":{"line":146,"column":5}},"type":"if","locations":[{"start":{"line":143,"column":4},"end":{"line":146,"column":5}},{"start":{},"end":{}}],"line":143},"10":{"loc":{"start":{"line":155,"column":6},"end":{"line":166,"column":7}},"type":"if","locations":[{"start":{"line":155,"column":6},"end":{"line":166,"column":7}},{"start":{},"end":{}}],"line":155},"11":{"loc":{"start":{"line":177,"column":6},"end":{"line":181,"column":7}},"type":"if","locations":[{"start":{"line":177,"column":6},"end":{"line":181,"column":7}},{"start":{"line":179,"column":13},"end":{"line":181,"column":7}}],"line":177},"12":{"loc":{"start":{"line":205,"column":18},"end":{"line":205,"column":62}},"type":"cond-expr","locations":[{"start":{"line":205,"column":42},"end":{"line":205,"column":51}},{"start":{"line":205,"column":54},"end":{"line":205,"column":62}}],"line":205},"13":{"loc":{"start":{"line":213,"column":13},"end":{"line":213,"column":63}},"type":"cond-expr","locations":[{"start":{"line":213,"column":26},"end":{"line":213,"column":44}},{"start":{"line":213,"column":47},"end":{"line":213,"column":63}}],"line":213},"14":{"loc":{"start":{"line":216,"column":13},"end":{"line":220,"column":13}},"type":"cond-expr","locations":[{"start":{"line":217,"column":14},"end":{"line":217,"column":64}},{"start":{"line":219,"column":14},"end":{"line":219,"column":59}}],"line":216},"15":{"loc":{"start":{"line":241,"column":24},"end":{"line":241,"column":76}},"type":"binary-expr","locations":[{"start":{"line":241,"column":24},"end":{"line":241,"column":48}},{"start":{"line":241,"column":52},"end":{"line":241,"column":76}}],"line":241},"16":{"loc":{"start":{"line":247,"column":24},"end":{"line":247,"column":80}},"type":"binary-expr","locations":[{"start":{"line":247,"column":24},"end":{"line":247,"column":48}},{"start":{"line":247,"column":52},"end":{"line":247,"column":80}}],"line":247},"17":{"loc":{"start":{"line":264,"column":24},"end":{"line":264,"column":73}},"type":"binary-expr","locations":[{"start":{"line":264,"column":24},"end":{"line":264,"column":46}},{"start":{"line":264,"column":50},"end":{"line":264,"column":73}}],"line":264},"18":{"loc":{"start":{"line":270,"column":24},"end":{"line":270,"column":77}},"type":"binary-expr","locations":[{"start":{"line":270,"column":24},"end":{"line":270,"column":46}},{"start":{"line":270,"column":50},"end":{"line":270,"column":77}}],"line":270},"19":{"loc":{"start":{"line":288,"column":18},"end":{"line":288,"column":52}},"type":"binary-expr","locations":[{"start":{"line":288,"column":18},"end":{"line":288,"column":31}},{"start":{"line":288,"column":35},"end":{"line":288,"column":52}}],"line":288},"20":{"loc":{"start":{"line":304,"column":22},"end":{"line":304,"column":88}},"type":"binary-expr","locations":[{"start":{"line":304,"column":22},"end":{"line":304,"column":57}},{"start":{"line":304,"column":61},"end":{"line":304,"column":88}}],"line":304},"21":{"loc":{"start":{"line":310,"column":22},"end":{"line":310,"column":86}},"type":"binary-expr","locations":[{"start":{"line":310,"column":22},"end":{"line":310,"column":57}},{"start":{"line":310,"column":61},"end":{"line":310,"column":86}}],"line":310},"22":{"loc":{"start":{"line":319,"column":13},"end":{"line":321,"column":13}},"type":"binary-expr","locations":[{"start":{"line":319,"column":13},"end":{"line":319,"column":26}},{"start":{"line":320,"column":14},"end":{"line":320,"column":67}}],"line":319},"23":{"loc":{"start":{"line":324,"column":13},"end":{"line":334,"column":13}},"type":"binary-expr","locations":[{"start":{"line":324,"column":13},"end":{"line":324,"column":27}},{"start":{"line":325,"column":14},"end":{"line":333,"column":21}}],"line":324},"24":{"loc":{"start":{"line":328,"column":19},"end":{"line":328,"column":63}},"type":"binary-expr","locations":[{"start":{"line":328,"column":19},"end":{"line":328,"column":44}},{"start":{"line":328,"column":48},"end":{"line":328,"column":63}}],"line":328},"25":{"loc":{"start":{"line":340,"column":13},"end":{"line":342,"column":13}},"type":"binary-expr","locations":[{"start":{"line":340,"column":13},"end":{"line":340,"column":28}},{"start":{"line":341,"column":14},"end":{"line":341,"column":69}}],"line":340},"26":{"loc":{"start":{"line":353,"column":22},"end":{"line":353,"column":69}},"type":"binary-expr","locations":[{"start":{"line":353,"column":22},"end":{"line":353,"column":32}},{"start":{"line":353,"column":36},"end":{"line":353,"column":69}}],"line":353},"27":{"loc":{"start":{"line":354,"column":22},"end":{"line":354,"column":73}},"type":"binary-expr","locations":[{"start":{"line":354,"column":22},"end":{"line":354,"column":37}},{"start":{"line":354,"column":41},"end":{"line":354,"column":52}},{"start":{"line":354,"column":56},"end":{"line":354,"column":73}}],"line":354},"28":{"loc":{"start":{"line":361,"column":29},"end":{"line":361,"column":64}},"type":"cond-expr","locations":[{"start":{"line":361,"column":42},"end":{"line":361,"column":49}},{"start":{"line":361,"column":52},"end":{"line":361,"column":64}}],"line":361},"29":{"loc":{"start":{"line":365,"column":22},"end":{"line":365,"column":67}},"type":"binary-expr","locations":[{"start":{"line":365,"column":22},"end":{"line":365,"column":32}},{"start":{"line":365,"column":36},"end":{"line":365,"column":67}}],"line":365}},"s":{"0":0,"1":0,"2":0,"3":0,"4":0,"5":0,"6":0,"7":0,"8":0,"9":0,"10":0,"11":0,"12":0,"13":0,"14":0,"15":0,"16":0,"17":0,"18":0,"19":0,"20":0,"21":0,"22":0,"23":0,"24":0,"25":0,"26":0,"27":0,"28":0,"29":0,"30":0,"31":0,"32":0,"33":0,"34":0,"35":0,"36":0,"37":0,"38":0,"39":0,"40":0,"41":0,"42":0,"43":0,"44":0,"45":0,"46":0,"47":0,"48":0,"49":0,"50":0,"51":0,"52":0,"53":0,"54":0,"55":0,"56":0,"57":0,"58":0,"59":0,"60":0,"61":0,"62":0,"63":0,"64":0,"65":0,"66":0,"67":0,"68":0,"69":0,"70":0,"71":0,"72":0,"73":0,"74":0,"75":0,"76":0,"77":0,"78":0,"79":0,"80":0,"81":0,"82":0,"83":0,"84":0},"f":{"0":0,"1":0,"2":0,"3":0,"4":0,"5":0,"6":0,"7":0,"8":0,"9":0,"10":0,"11":0,"12":0,"13":0,"14":0,"15":0,"16":0,"17":0,"18":0,"19":0,"20":0,"21":0,"22":0},"b":{"0":[0,0],"1":[0,0],"2":[0,0],"3":[0,0],"4":[0,0],"5":[0,0],"6":[0,0],"7":[0,0],"8":[0,0],"9":[0,0],"10":[0,0],"11":[0,0],"12":[0,0],"13":[0,0],"14":[0,0],"15":[0,0],"16":[0,0],"17":[0,0],"18":[0,0],"19":[0,0],"20":[0,0],"21":[0,0],"22":[0,0],"23":[0,0],"24":[0,0],"25":[0,0],"26":[0,0],"27":[0,0,0],"28":[0,0],"29":[0,0]}}
,"/Users/marcos/Desktop/03Projetos_Testes_Praticos/PersonalFinanceTracker/src/screens/budget/BudgetScreen.tsx": {"path":"/Users/marcos/Desktop/03Projetos_Testes_Praticos/PersonalFinanceTracker/src/screens/budget/BudgetScreen.tsx","statementMap":{"0":{"start":{"line":37,"column":46},"end":{"line":148,"column":1}},"1":{"start":{"line":43,"column":24},"end":{"line":43,"column":57}},"2":{"start":{"line":44,"column":23},"end":{"line":44,"column":55}},"3":{"start":{"line":45,"column":26},"end":{"line":45,"column":53}},"4":{"start":{"line":46,"column":25},"end":{"line":46,"column":84}},"5":{"start":{"line":47,"column":23},"end":{"line":47,"column":50}},"6":{"start":{"line":49,"column":2},"end":{"line":147,"column":4}},"7":{"start":{"line":53,"column":8},"end":{"line":61,"column":10}},"8":{"start":{"line":58,"column":45},"end":{"line":58,"column":59}},"9":{"start":{"line":59,"column":68},"end":{"line":59,"column":84}},"10":{"start":{"line":150,"column":31},"end":{"line":362,"column":1}},"11":{"start":{"line":151,"column":21},"end":{"line":151,"column":52}},"12":{"start":{"line":152,"column":44},"end":{"line":152,"column":71}},"13":{"start":{"line":153,"column":42},"end":{"line":153,"column":68}},"14":{"start":{"line":154,"column":38},"end":{"line":154,"column":53}},"15":{"start":{"line":155,"column":38},"end":{"line":155,"column":49}},"16":{"start":{"line":162,"column":6},"end":{"line":162,"column":23}},"17":{"start":{"line":165,"column":20},"end":{"line":175,"column":3}},"18":{"start":{"line":166,"column":4},"end":{"line":166,"column":24}},"19":{"start":{"line":169,"column":4},"end":{"line":169,"column":36}},"20":{"start":{"line":169,"column":26},"end":{"line":169,"column":34}},"21":{"start":{"line":172,"column":4},"end":{"line":174,"column":12}},"22":{"start":{"line":173,"column":6},"end":{"line":173,"column":27}},"23":{"start":{"line":177,"column":25},"end":{"line":181,"column":56}},"24":{"start":{"line":178,"column":4},"end":{"line":180,"column":6}},"25":{"start":{"line":179,"column":16},"end":{"line":179,"column":78}},"26":{"start":{"line":183,"column":26},"end":{"line":190,"column":64}},"27":{"start":{"line":184,"column":23},"end":{"line":184,"column":67}},"28":{"start":{"line":185,"column":16},"end":{"line":185,"column":25}},"29":{"start":{"line":186,"column":4},"end":{"line":188,"column":7}},"30":{"start":{"line":187,"column":6},"end":{"line":187,"column":51}},"31":{"start":{"line":189,"column":4},"end":{"line":189,"column":15}},"32":{"start":{"line":192,"column":23},"end":{"line":194,"column":71}},"33":{"start":{"line":193,"column":4},"end":{"line":193,"column":63}},"34":{"start":{"line":196,"column":22},"end":{"line":198,"column":22}},"35":{"start":{"line":197,"column":4},"end":{"line":197,"column":74}},"36":{"start":{"line":197,"column":50},"end":{"line":197,"column":69}},"37":{"start":{"line":200,"column":21},"end":{"line":204,"column":20}},"38":{"start":{"line":201,"column":4},"end":{"line":203,"column":50}},"39":{"start":{"line":202,"column":19},"end":{"line":202,"column":39}},"40":{"start":{"line":203,"column":26},"end":{"line":203,"column":45}},"41":{"start":{"line":206,"column":26},"end":{"line":208,"column":3}},"42":{"start":{"line":207,"column":4},"end":{"line":207,"column":41}},"43":{"start":{"line":210,"column":27},"end":{"line":212,"column":3}},"44":{"start":{"line":211,"column":4},"end":{"line":211,"column":61}},"45":{"start":{"line":214,"column":29},"end":{"line":227,"column":3}},"46":{"start":{"line":215,"column":4},"end":{"line":226,"column":6}},"47":{"start":{"line":223,"column":25},"end":{"line":223,"column":48}},"48":{"start":{"line":229,"column":23},"end":{"line":307,"column":3}},"49":{"start":{"line":230,"column":4},"end":{"line":306,"column":11}},"50":{"start":{"line":236,"column":12},"end":{"line":241,"column":13}},"51":{"start":{"line":237,"column":14},"end":{"line":237,"column":50}},"52":{"start":{"line":239,"column":14},"end":{"line":239,"column":35}},"53":{"start":{"line":240,"column":14},"end":{"line":240,"column":48}},"54":{"start":{"line":254,"column":12},"end":{"line":259,"column":13}},"55":{"start":{"line":255,"column":14},"end":{"line":255,"column":50}},"56":{"start":{"line":257,"column":14},"end":{"line":257,"column":34}},"57":{"start":{"line":258,"column":14},"end":{"line":258,"column":48}},"58":{"start":{"line":309,"column":27},"end":{"line":320,"column":3}},"59":{"start":{"line":310,"column":4},"end":{"line":319,"column":11}},"60":{"start":{"line":322,"column":2},"end":{"line":361,"column":4}},"61":{"start":{"line":333,"column":32},"end":{"line":333,"column":39}},"62":{"start":{"line":335,"column":10},"end":{"line":340,"column":12}},"63":{"start":{"line":364,"column":15},"end":{"line":584,"column":2}}},"fnMap":{"0":{"name":"(anonymous_0)","decl":{"start":{"line":37,"column":46},"end":{"line":37,"column":47}},"loc":{"start":{"line":42,"column":6},"end":{"line":148,"column":1}},"line":42},"1":{"name":"(anonymous_1)","decl":{"start":{"line":52,"column":19},"end":{"line":52,"column":20}},"loc":{"start":{"line":52,"column":25},"end":{"line":62,"column":7}},"line":52},"2":{"name":"(anonymous_2)","decl":{"start":{"line":58,"column":39},"end":{"line":58,"column":40}},"loc":{"start":{"line":58,"column":45},"end":{"line":58,"column":59}},"line":58},"3":{"name":"(anonymous_3)","decl":{"start":{"line":59,"column":62},"end":{"line":59,"column":63}},"loc":{"start":{"line":59,"column":68},"end":{"line":59,"column":84}},"line":59},"4":{"name":"(anonymous_4)","decl":{"start":{"line":150,"column":31},"end":{"line":150,"column":32}},"loc":{"start":{"line":150,"column":37},"end":{"line":362,"column":1}},"line":150},"5":{"name":"(anonymous_5)","decl":{"start":{"line":165,"column":20},"end":{"line":165,"column":21}},"loc":{"start":{"line":165,"column":26},"end":{"line":175,"column":3}},"line":165},"6":{"name":"(anonymous_6)","decl":{"start":{"line":169,"column":18},"end":{"line":169,"column":19}},"loc":{"start":{"line":169,"column":26},"end":{"line":169,"column":34}},"line":169},"7":{"name":"(anonymous_7)","decl":{"start":{"line":172,"column":15},"end":{"line":172,"column":16}},"loc":{"start":{"line":172,"column":21},"end":{"line":174,"column":5}},"line":172},"8":{"name":"(anonymous_8)","decl":{"start":{"line":177,"column":33},"end":{"line":177,"column":34}},"loc":{"start":{"line":177,"column":39},"end":{"line":181,"column":3}},"line":177},"9":{"name":"(anonymous_9)","decl":{"start":{"line":179,"column":6},"end":{"line":179,"column":7}},"loc":{"start":{"line":179,"column":16},"end":{"line":179,"column":78}},"line":179},"10":{"name":"(anonymous_10)","decl":{"start":{"line":183,"column":34},"end":{"line":183,"column":35}},"loc":{"start":{"line":183,"column":40},"end":{"line":190,"column":3}},"line":183},"11":{"name":"(anonymous_11)","decl":{"start":{"line":186,"column":23},"end":{"line":186,"column":24}},"loc":{"start":{"line":186,"column":33},"end":{"line":188,"column":5}},"line":186},"12":{"name":"(anonymous_12)","decl":{"start":{"line":192,"column":31},"end":{"line":192,"column":32}},"loc":{"start":{"line":192,"column":37},"end":{"line":194,"column":3}},"line":192},"13":{"name":"(anonymous_13)","decl":{"start":{"line":196,"column":30},"end":{"line":196,"column":31}},"loc":{"start":{"line":196,"column":36},"end":{"line":198,"column":3}},"line":196},"14":{"name":"(anonymous_14)","decl":{"start":{"line":197,"column":33},"end":{"line":197,"column":34}},"loc":{"start":{"line":197,"column":50},"end":{"line":197,"column":69}},"line":197},"15":{"name":"(anonymous_15)","decl":{"start":{"line":200,"column":29},"end":{"line":200,"column":30}},"loc":{"start":{"line":200,"column":35},"end":{"line":204,"column":3}},"line":200},"16":{"name":"(anonymous_16)","decl":{"start":{"line":202,"column":14},"end":{"line":202,"column":15}},"loc":{"start":{"line":202,"column":19},"end":{"line":202,"column":39}},"line":202},"17":{"name":"(anonymous_17)","decl":{"start":{"line":203,"column":14},"end":{"line":203,"column":15}},"loc":{"start":{"line":203,"column":26},"end":{"line":203,"column":45}},"line":203},"18":{"name":"(anonymous_18)","decl":{"start":{"line":206,"column":26},"end":{"line":206,"column":27}},"loc":{"start":{"line":206,"column":32},"end":{"line":208,"column":3}},"line":206},"19":{"name":"(anonymous_19)","decl":{"start":{"line":210,"column":27},"end":{"line":210,"column":28}},"loc":{"start":{"line":210,"column":47},"end":{"line":212,"column":3}},"line":210},"20":{"name":"(anonymous_20)","decl":{"start":{"line":214,"column":29},"end":{"line":214,"column":30}},"loc":{"start":{"line":214,"column":49},"end":{"line":227,"column":3}},"line":214},"21":{"name":"(anonymous_21)","decl":{"start":{"line":223,"column":19},"end":{"line":223,"column":20}},"loc":{"start":{"line":223,"column":25},"end":{"line":223,"column":48}},"line":223},"22":{"name":"(anonymous_22)","decl":{"start":{"line":229,"column":23},"end":{"line":229,"column":24}},"loc":{"start":{"line":230,"column":4},"end":{"line":306,"column":11}},"line":230},"23":{"name":"(anonymous_23)","decl":{"start":{"line":235,"column":19},"end":{"line":235,"column":20}},"loc":{"start":{"line":235,"column":25},"end":{"line":242,"column":11}},"line":235},"24":{"name":"(anonymous_24)","decl":{"start":{"line":253,"column":19},"end":{"line":253,"column":20}},"loc":{"start":{"line":253,"column":25},"end":{"line":260,"column":11}},"line":253},"25":{"name":"(anonymous_25)","decl":{"start":{"line":309,"column":27},"end":{"line":309,"column":28}},"loc":{"start":{"line":310,"column":4},"end":{"line":319,"column":11}},"line":310},"26":{"name":"(anonymous_26)","decl":{"start":{"line":333,"column":22},"end":{"line":333,"column":23}},"loc":{"start":{"line":333,"column":32},"end":{"line":333,"column":39}},"line":333},"27":{"name":"(anonymous_27)","decl":{"start":{"line":334,"column":20},"end":{"line":334,"column":21}},"loc":{"start":{"line":335,"column":10},"end":{"line":340,"column":12}},"line":335}},"branchMap":{"0":{"loc":{"start":{"line":46,"column":25},"end":{"line":46,"column":84}},"type":"cond-expr","locations":[{"start":{"line":46,"column":45},"end":{"line":46,"column":80}},{"start":{"line":46,"column":83},"end":{"line":46,"column":84}}],"line":46},"1":{"loc":{"start":{"line":83,"column":11},"end":{"line":87,"column":11}},"type":"binary-expr","locations":[{"start":{"line":83,"column":11},"end":{"line":83,"column":36}},{"start":{"line":84,"column":12},"end":{"line":86,"column":19}}],"line":83},"2":{"loc":{"start":{"line":97,"column":31},"end":{"line":98,"column":59}},"type":"cond-expr","locations":[{"start":{"line":97,"column":46},"end":{"line":97,"column":55}},{"start":{"line":98,"column":16},"end":{"line":98,"column":59}}],"line":97},"3":{"loc":{"start":{"line":98,"column":16},"end":{"line":98,"column":59}},"type":"cond-expr","locations":[{"start":{"line":98,"column":38},"end":{"line":98,"column":47}},{"start":{"line":98,"column":50},"end":{"line":98,"column":59}}],"line":98},"4":{"loc":{"start":{"line":109,"column":21},"end":{"line":109,"column":57}},"type":"cond-expr","locations":[{"start":{"line":109,"column":39},"end":{"line":109,"column":48}},{"start":{"line":109,"column":51},"end":{"line":109,"column":57}}],"line":109},"5":{"loc":{"start":{"line":117,"column":13},"end":{"line":117,"column":50}},"type":"cond-expr","locations":[{"start":{"line":117,"column":28},"end":{"line":117,"column":37}},{"start":{"line":117,"column":40},"end":{"line":117,"column":50}}],"line":117},"6":{"loc":{"start":{"line":121,"column":21},"end":{"line":121,"column":57}},"type":"cond-expr","locations":[{"start":{"line":121,"column":36},"end":{"line":121,"column":45}},{"start":{"line":121,"column":48},"end":{"line":121,"column":57}}],"line":121},"7":{"loc":{"start":{"line":131,"column":21},"end":{"line":131,"column":54}},"type":"cond-expr","locations":[{"start":{"line":131,"column":36},"end":{"line":131,"column":45}},{"start":{"line":131,"column":48},"end":{"line":131,"column":54}}],"line":131},"8":{"loc":{"start":{"line":138,"column":7},"end":{"line":145,"column":7}},"type":"binary-expr","locations":[{"start":{"line":138,"column":7},"end":{"line":138,"column":19}},{"start":{"line":139,"column":8},"end":{"line":144,"column":15}}],"line":138},"9":{"loc":{"start":{"line":179,"column":16},"end":{"line":179,"column":78}},"type":"binary-expr","locations":[{"start":{"line":179,"column":16},"end":{"line":179,"column":46}},{"start":{"line":179,"column":50},"end":{"line":179,"column":78}}],"line":179},"10":{"loc":{"start":{"line":236,"column":12},"end":{"line":241,"column":13}},"type":"if","locations":[{"start":{"line":236,"column":12},"end":{"line":241,"column":13}},{"start":{"line":238,"column":19},"end":{"line":241,"column":13}}],"line":236},"11":{"loc":{"start":{"line":254,"column":12},"end":{"line":259,"column":13}},"type":"if","locations":[{"start":{"line":254,"column":12},"end":{"line":259,"column":13}},{"start":{"line":256,"column":19},"end":{"line":259,"column":13}}],"line":254},"12":{"loc":{"start":{"line":291,"column":23},"end":{"line":291,"column":101}},"type":"cond-expr","locations":[{"start":{"line":291,"column":41},"end":{"line":291,"column":94}},{"start":{"line":291,"column":97},"end":{"line":291,"column":101}}],"line":291},"13":{"loc":{"start":{"line":292,"column":33},"end":{"line":293,"column":74}},"type":"cond-expr","locations":[{"start":{"line":292,"column":60},"end":{"line":292,"column":69}},{"start":{"line":293,"column":18},"end":{"line":293,"column":74}}],"line":292},"14":{"loc":{"start":{"line":293,"column":18},"end":{"line":293,"column":74}},"type":"cond-expr","locations":[{"start":{"line":293,"column":53},"end":{"line":293,"column":62}},{"start":{"line":293,"column":65},"end":{"line":293,"column":74}}],"line":293},"15":{"loc":{"start":{"line":301,"column":19},"end":{"line":301,"column":67}},"type":"cond-expr","locations":[{"start":{"line":301,"column":46},"end":{"line":301,"column":55}},{"start":{"line":301,"column":58},"end":{"line":301,"column":67}}],"line":301},"16":{"loc":{"start":{"line":303,"column":11},"end":{"line":303,"column":60}},"type":"cond-expr","locations":[{"start":{"line":303,"column":38},"end":{"line":303,"column":47}},{"start":{"line":303,"column":50},"end":{"line":303,"column":60}}],"line":303},"17":{"loc":{"start":{"line":337,"column":25},"end":{"line":337,"column":64}},"type":"binary-expr","locations":[{"start":{"line":337,"column":25},"end":{"line":337,"column":59}},{"start":{"line":337,"column":63},"end":{"line":337,"column":64}}],"line":337},"18":{"loc":{"start":{"line":345,"column":10},"end":{"line":345,"column":73}},"type":"cond-expr","locations":[{"start":{"line":345,"column":40},"end":{"line":345,"column":61}},{"start":{"line":345,"column":64},"end":{"line":345,"column":73}}],"line":345}},"s":{"0":0,"1":0,"2":0,"3":0,"4":0,"5":0,"6":0,"7":0,"8":0,"9":0,"10":0,"11":0,"12":0,"13":0,"14":0,"15":0,"16":0,"17":0,"18":0,"19":0,"20":0,"21":0,"22":0,"23":0,"24":0,"25":0,"26":0,"27":0,"28":0,"29":0,"30":0,"31":0,"32":0,"33":0,"34":0,"35":0,"36":0,"37":0,"38":0,"39":0,"40":0,"41":0,"42":0,"43":0,"44":0,"45":0,"46":0,"47":0,"48":0,"49":0,"50":0,"51":0,"52":0,"53":0,"54":0,"55":0,"56":0,"57":0,"58":0,"59":0,"60":0,"61":0,"62":0,"63":0},"f":{"0":0,"1":0,"2":0,"3":0,"4":0,"5":0,"6":0,"7":0,"8":0,"9":0,"10":0,"11":0,"12":0,"13":0,"14":0,"15":0,"16":0,"17":0,"18":0,"19":0,"20":0,"21":0,"22":0,"23":0,"24":0,"25":0,"26":0,"27":0},"b":{"0":[0,0],"1":[0,0],"2":[0,0],"3":[0,0],"4":[0,0],"5":[0,0],"6":[0,0],"7":[0,0],"8":[0,0],"9":[0,0],"10":[0,0],"11":[0,0],"12":[0,0],"13":[0,0],"14":[0,0],"15":[0,0],"16":[0,0],"17":[0,0],"18":[0,0]}}
,"/Users/marcos/Desktop/03Projetos_Testes_Praticos/PersonalFinanceTracker/src/screens/settings/SettingsScreen.tsx": {"path":"/Users/marcos/Desktop/03Projetos_Testes_Praticos/PersonalFinanceTracker/src/screens/settings/SettingsScreen.tsx","statementMap":{"0":{"start":{"line":29,"column":50},"end":{"line":54,"column":1}},"1":{"start":{"line":37,"column":2},"end":{"line":53,"column":21}},"2":{"start":{"line":56,"column":33},"end":{"line":291,"column":1}},"3":{"start":{"line":65,"column":6},"end":{"line":65,"column":23}},"4":{"start":{"line":67,"column":42},"end":{"line":67,"column":57}},"5":{"start":{"line":69,"column":30},"end":{"line":69,"column":70}},"6":{"start":{"line":71,"column":31},"end":{"line":89,"column":3}},"7":{"start":{"line":72,"column":4},"end":{"line":88,"column":6}},"8":{"start":{"line":77,"column":50},"end":{"line":86,"column":9}},"9":{"start":{"line":80,"column":12},"end":{"line":80,"column":43}},"10":{"start":{"line":81,"column":12},"end":{"line":84,"column":14}},"11":{"start":{"line":91,"column":29},"end":{"line":101,"column":3}},"12":{"start":{"line":92,"column":4},"end":{"line":92,"column":26}},"13":{"start":{"line":93,"column":4},"end":{"line":100,"column":5}},"14":{"start":{"line":94,"column":6},"end":{"line":94,"column":55}},"15":{"start":{"line":95,"column":6},"end":{"line":95,"column":73}},"16":{"start":{"line":97,"column":6},"end":{"line":97,"column":76}},"17":{"start":{"line":99,"column":6},"end":{"line":99,"column":29}},"18":{"start":{"line":103,"column":27},"end":{"line":115,"column":3}},"19":{"start":{"line":104,"column":4},"end":{"line":114,"column":5}},"20":{"start":{"line":105,"column":19},"end":{"line":105,"column":31}},"21":{"start":{"line":106,"column":23},"end":{"line":106,"column":52}},"22":{"start":{"line":108,"column":6},"end":{"line":111,"column":9}},"23":{"start":{"line":113,"column":6},"end":{"line":113,"column":65}},"24":{"start":{"line":117,"column":26},"end":{"line":133,"column":3}},"25":{"start":{"line":118,"column":4},"end":{"line":132,"column":6}},"26":{"start":{"line":127,"column":12},"end":{"line":127,"column":27}},"27":{"start":{"line":128,"column":12},"end":{"line":128,"column":90}},"28":{"start":{"line":135,"column":22},"end":{"line":141,"column":3}},"29":{"start":{"line":136,"column":4},"end":{"line":140,"column":6}},"30":{"start":{"line":143,"column":28},"end":{"line":143,"column":47}},"31":{"start":{"line":144,"column":23},"end":{"line":144,"column":37}},"32":{"start":{"line":145,"column":23},"end":{"line":147,"column":3}},"33":{"start":{"line":146,"column":4},"end":{"line":146,"column":64}},"34":{"start":{"line":149,"column":26},"end":{"line":149,"column":80}},"35":{"start":{"line":149,"column":56},"end":{"line":149,"column":79}},"36":{"start":{"line":150,"column":24},"end":{"line":150,"column":70}},"37":{"start":{"line":152,"column":2},"end":{"line":290,"column":4}},"38":{"start":{"line":242,"column":14},"end":{"line":246,"column":16}},"39":{"start":{"line":259,"column":42},"end":{"line":259,"column":61}},"40":{"start":{"line":266,"column":42},"end":{"line":266,"column":62}},"41":{"start":{"line":274,"column":18},"end":{"line":275,"column":53}},"42":{"start":{"line":293,"column":15},"end":{"line":425,"column":2}}},"fnMap":{"0":{"name":"(anonymous_0)","decl":{"start":{"line":29,"column":50},"end":{"line":29,"column":51}},"loc":{"start":{"line":37,"column":2},"end":{"line":53,"column":21}},"line":37},"1":{"name":"(anonymous_1)","decl":{"start":{"line":56,"column":33},"end":{"line":56,"column":34}},"loc":{"start":{"line":56,"column":39},"end":{"line":291,"column":1}},"line":56},"2":{"name":"(anonymous_2)","decl":{"start":{"line":71,"column":31},"end":{"line":71,"column":32}},"loc":{"start":{"line":71,"column":37},"end":{"line":89,"column":3}},"line":71},"3":{"name":"(anonymous_3)","decl":{"start":{"line":77,"column":35},"end":{"line":77,"column":36}},"loc":{"start":{"line":77,"column":50},"end":{"line":86,"column":9}},"line":77},"4":{"name":"(anonymous_4)","decl":{"start":{"line":79,"column":19},"end":{"line":79,"column":20}},"loc":{"start":{"line":79,"column":25},"end":{"line":85,"column":11}},"line":79},"5":{"name":"(anonymous_5)","decl":{"start":{"line":91,"column":29},"end":{"line":91,"column":30}},"loc":{"start":{"line":91,"column":41},"end":{"line":101,"column":3}},"line":91},"6":{"name":"(anonymous_6)","decl":{"start":{"line":103,"column":27},"end":{"line":103,"column":28}},"loc":{"start":{"line":103,"column":39},"end":{"line":115,"column":3}},"line":103},"7":{"name":"(anonymous_7)","decl":{"start":{"line":117,"column":26},"end":{"line":117,"column":27}},"loc":{"start":{"line":117,"column":32},"end":{"line":133,"column":3}},"line":117},"8":{"name":"(anonymous_8)","decl":{"start":{"line":126,"column":19},"end":{"line":126,"column":20}},"loc":{"start":{"line":126,"column":25},"end":{"line":129,"column":11}},"line":126},"9":{"name":"(anonymous_9)","decl":{"start":{"line":135,"column":22},"end":{"line":135,"column":23}},"loc":{"start":{"line":135,"column":28},"end":{"line":141,"column":3}},"line":135},"10":{"name":"(anonymous_10)","decl":{"start":{"line":145,"column":43},"end":{"line":145,"column":44}},"loc":{"start":{"line":146,"column":4},"end":{"line":146,"column":64}},"line":146},"11":{"name":"(anonymous_11)","decl":{"start":{"line":149,"column":51},"end":{"line":149,"column":52}},"loc":{"start":{"line":149,"column":56},"end":{"line":149,"column":79}},"line":149},"12":{"name":"(anonymous_12)","decl":{"start":{"line":241,"column":21},"end":{"line":241,"column":22}},"loc":{"start":{"line":241,"column":27},"end":{"line":247,"column":13}},"line":241},"13":{"name":"(anonymous_13)","decl":{"start":{"line":259,"column":37},"end":{"line":259,"column":38}},"loc":{"start":{"line":259,"column":42},"end":{"line":259,"column":61}},"line":259},"14":{"name":"(anonymous_14)","decl":{"start":{"line":266,"column":37},"end":{"line":266,"column":38}},"loc":{"start":{"line":266,"column":42},"end":{"line":266,"column":62}},"line":266},"15":{"name":"(anonymous_15)","decl":{"start":{"line":273,"column":32},"end":{"line":273,"column":33}},"loc":{"start":{"line":274,"column":18},"end":{"line":275,"column":53}},"line":274}},"branchMap":{"0":{"loc":{"start":{"line":35,"column":2},"end":{"line":35,"column":18}},"type":"default-arg","locations":[{"start":{"line":35,"column":14},"end":{"line":35,"column":18}}],"line":35},"1":{"loc":{"start":{"line":44,"column":9},"end":{"line":44,"column":76}},"type":"binary-expr","locations":[{"start":{"line":44,"column":9},"end":{"line":44,"column":17}},{"start":{"line":44,"column":21},"end":{"line":44,"column":76}}],"line":44},"2":{"loc":{"start":{"line":49,"column":7},"end":{"line":51,"column":7}},"type":"binary-expr","locations":[{"start":{"line":49,"column":7},"end":{"line":49,"column":16}},{"start":{"line":49,"column":20},"end":{"line":49,"column":33}},{"start":{"line":50,"column":8},"end":{"line":50,"column":66}}],"line":49},"3":{"loc":{"start":{"line":146,"column":11},"end":{"line":146,"column":63}},"type":"cond-expr","locations":[{"start":{"line":146,"column":33},"end":{"line":146,"column":46}},{"start":{"line":146,"column":49},"end":{"line":146,"column":63}}],"line":146},"4":{"loc":{"start":{"line":174,"column":25},"end":{"line":174,"column":66}},"type":"cond-expr","locations":[{"start":{"line":174,"column":45},"end":{"line":174,"column":54}},{"start":{"line":174,"column":57},"end":{"line":174,"column":66}}],"line":174},"5":{"loc":{"start":{"line":190,"column":22},"end":{"line":190,"column":108}},"type":"cond-expr","locations":[{"start":{"line":190,"column":40},"end":{"line":190,"column":93}},{"start":{"line":190,"column":96},"end":{"line":190,"column":108}}],"line":190},"6":{"loc":{"start":{"line":197,"column":22},"end":{"line":197,"column":94}},"type":"cond-expr","locations":[{"start":{"line":197,"column":38},"end":{"line":197,"column":57}},{"start":{"line":197,"column":60},"end":{"line":197,"column":94}}],"line":197},"7":{"loc":{"start":{"line":199,"column":26},"end":{"line":203,"column":25}},"type":"cond-expr","locations":[{"start":{"line":200,"column":14},"end":{"line":202,"column":21}},{"start":{"line":203,"column":16},"end":{"line":203,"column":25}}],"line":199},"8":{"loc":{"start":{"line":274,"column":18},"end":{"line":275,"column":53}},"type":"binary-expr","locations":[{"start":{"line":274,"column":18},"end":{"line":274,"column":55}},{"start":{"line":275,"column":18},"end":{"line":275,"column":53}}],"line":274},"9":{"loc":{"start":{"line":283,"column":17},"end":{"line":283,"column":58}},"type":"cond-expr","locations":[{"start":{"line":283,"column":33},"end":{"line":283,"column":45}},{"start":{"line":283,"column":48},"end":{"line":283,"column":58}}],"line":283}},"s":{"0":0,"1":0,"2":0,"3":0,"4":0,"5":0,"6":0,"7":0,"8":0,"9":0,"10":0,"11":0,"12":0,"13":0,"14":0,"15":0,"16":0,"17":0,"18":0,"19":0,"20":0,"21":0,"22":0,"23":0,"24":0,"25":0,"26":0,"27":0,"28":0,"29":0,"30":0,"31":0,"32":0,"33":0,"34":0,"35":0,"36":0,"37":0,"38":0,"39":0,"40":0,"41":0,"42":0},"f":{"0":0,"1":0,"2":0,"3":0,"4":0,"5":0,"6":0,"7":0,"8":0,"9":0,"10":0,"11":0,"12":0,"13":0,"14":0,"15":0},"b":{"0":[0],"1":[0,0],"2":[0,0,0],"3":[0,0],"4":[0,0],"5":[0,0],"6":[0,0],"7":[0,0],"8":[0,0],"9":[0,0]}}
,"/Users/marcos/Desktop/03Projetos_Testes_Praticos/PersonalFinanceTracker/src/screens/summary/SummaryScreen.tsx": {"path":"/Users/marcos/Desktop/03Projetos_Testes_Praticos/PersonalFinanceTracker/src/screens/summary/SummaryScreen.tsx","statementMap":{"0":{"start":{"line":26,"column":18},"end":{"line":26,"column":42}},"1":{"start":{"line":36,"column":32},"end":{"line":376,"column":1}},"2":{"start":{"line":37,"column":44},"end":{"line":37,"column":71}},"3":{"start":{"line":38,"column":42},"end":{"line":38,"column":68}},"4":{"start":{"line":39,"column":38},"end":{"line":39,"column":53}},"5":{"start":{"line":40,"column":38},"end":{"line":40,"column":49}},"6":{"start":{"line":42,"column":54},"end":{"line":42,"column":71}},"7":{"start":{"line":45,"column":20},"end":{"line":55,"column":3}},"8":{"start":{"line":46,"column":4},"end":{"line":46,"column":24}},"9":{"start":{"line":49,"column":4},"end":{"line":49,"column":36}},"10":{"start":{"line":49,"column":26},"end":{"line":49,"column":34}},"11":{"start":{"line":52,"column":4},"end":{"line":54,"column":12}},"12":{"start":{"line":53,"column":6},"end":{"line":53,"column":27}},"13":{"start":{"line":57,"column":23},"end":{"line":59,"column":64}},"14":{"start":{"line":58,"column":4},"end":{"line":58,"column":56}},"15":{"start":{"line":61,"column":23},"end":{"line":63,"column":71}},"16":{"start":{"line":62,"column":4},"end":{"line":62,"column":63}},"17":{"start":{"line":65,"column":26},"end":{"line":90,"column":20}},"18":{"start":{"line":66,"column":20},"end":{"line":66,"column":67}},"19":{"start":{"line":68,"column":4},"end":{"line":87,"column":7}},"20":{"start":{"line":69,"column":23},"end":{"line":75,"column":7}},"21":{"start":{"line":77,"column":6},"end":{"line":83,"column":7}},"22":{"start":{"line":78,"column":8},"end":{"line":78,"column":51}},"23":{"start":{"line":79,"column":8},"end":{"line":79,"column":50}},"24":{"start":{"line":81,"column":8},"end":{"line":81,"column":53}},"25":{"start":{"line":82,"column":8},"end":{"line":82,"column":50}},"26":{"start":{"line":85,"column":6},"end":{"line":85,"column":34}},"27":{"start":{"line":86,"column":6},"end":{"line":86,"column":50}},"28":{"start":{"line":89,"column":4},"end":{"line":89,"column":94}},"29":{"start":{"line":89,"column":55},"end":{"line":89,"column":92}},"30":{"start":{"line":92,"column":23},"end":{"line":95,"column":5}},"31":{"start":{"line":92,"column":61},"end":{"line":95,"column":3}},"32":{"start":{"line":97,"column":22},"end":{"line":100,"column":5}},"33":{"start":{"line":97,"column":59},"end":{"line":100,"column":3}},"34":{"start":{"line":102,"column":28},"end":{"line":134,"column":3}},"35":{"start":{"line":103,"column":4},"end":{"line":133,"column":11}},"36":{"start":{"line":136,"column":29},"end":{"line":215,"column":3}},"37":{"start":{"line":137,"column":4},"end":{"line":150,"column":5}},"38":{"start":{"line":138,"column":6},"end":{"line":149,"column":8}},"39":{"start":{"line":152,"column":4},"end":{"line":214,"column":6}},"40":{"start":{"line":156,"column":33},"end":{"line":156,"column":69}},"41":{"start":{"line":157,"column":29},"end":{"line":157,"column":50}},"42":{"start":{"line":158,"column":31},"end":{"line":158,"column":50}},"43":{"start":{"line":160,"column":10},"end":{"line":211,"column":12}},"44":{"start":{"line":217,"column":32},"end":{"line":281,"column":3}},"45":{"start":{"line":218,"column":4},"end":{"line":231,"column":5}},"46":{"start":{"line":219,"column":6},"end":{"line":230,"column":8}},"47":{"start":{"line":233,"column":4},"end":{"line":280,"column":6}},"48":{"start":{"line":237,"column":33},"end":{"line":237,"column":67}},"49":{"start":{"line":238,"column":29},"end":{"line":238,"column":44}},"50":{"start":{"line":240,"column":10},"end":{"line":277,"column":12}},"51":{"start":{"line":283,"column":2},"end":{"line":375,"column":4}},"52":{"start":{"line":294,"column":14},"end":{"line":299,"column":15}},"53":{"start":{"line":295,"column":16},"end":{"line":295,"column":52}},"54":{"start":{"line":297,"column":16},"end":{"line":297,"column":37}},"55":{"start":{"line":298,"column":16},"end":{"line":298,"column":50}},"56":{"start":{"line":313,"column":14},"end":{"line":318,"column":15}},"57":{"start":{"line":314,"column":16},"end":{"line":314,"column":52}},"58":{"start":{"line":316,"column":16},"end":{"line":316,"column":36}},"59":{"start":{"line":317,"column":16},"end":{"line":317,"column":50}},"60":{"start":{"line":355,"column":42},"end":{"line":355,"column":61}},"61":{"start":{"line":361,"column":42},"end":{"line":361,"column":62}},"62":{"start":{"line":367,"column":55},"end":{"line":367,"column":69}},"63":{"start":{"line":380,"column":15},"end":{"line":620,"column":2}}},"fnMap":{"0":{"name":"(anonymous_0)","decl":{"start":{"line":36,"column":32},"end":{"line":36,"column":33}},"loc":{"start":{"line":36,"column":38},"end":{"line":376,"column":1}},"line":36},"1":{"name":"(anonymous_1)","decl":{"start":{"line":45,"column":20},"end":{"line":45,"column":21}},"loc":{"start":{"line":45,"column":26},"end":{"line":55,"column":3}},"line":45},"2":{"name":"(anonymous_2)","decl":{"start":{"line":49,"column":18},"end":{"line":49,"column":19}},"loc":{"start":{"line":49,"column":26},"end":{"line":49,"column":34}},"line":49},"3":{"name":"(anonymous_3)","decl":{"start":{"line":52,"column":15},"end":{"line":52,"column":16}},"loc":{"start":{"line":52,"column":21},"end":{"line":54,"column":5}},"line":52},"4":{"name":"(anonymous_4)","decl":{"start":{"line":57,"column":31},"end":{"line":57,"column":32}},"loc":{"start":{"line":57,"column":37},"end":{"line":59,"column":3}},"line":57},"5":{"name":"(anonymous_5)","decl":{"start":{"line":61,"column":31},"end":{"line":61,"column":32}},"loc":{"start":{"line":61,"column":37},"end":{"line":63,"column":3}},"line":61},"6":{"name":"(anonymous_6)","decl":{"start":{"line":65,"column":34},"end":{"line":65,"column":35}},"loc":{"start":{"line":65,"column":40},"end":{"line":90,"column":3}},"line":65},"7":{"name":"(anonymous_7)","decl":{"start":{"line":68,"column":25},"end":{"line":68,"column":26}},"loc":{"start":{"line":68,"column":40},"end":{"line":87,"column":5}},"line":68},"8":{"name":"(anonymous_8)","decl":{"start":{"line":89,"column":45},"end":{"line":89,"column":46}},"loc":{"start":{"line":89,"column":55},"end":{"line":89,"column":92}},"line":89},"9":{"name":"(anonymous_9)","decl":{"start":{"line":92,"column":50},"end":{"line":92,"column":51}},"loc":{"start":{"line":92,"column":61},"end":{"line":95,"column":3}},"line":92},"10":{"name":"(anonymous_10)","decl":{"start":{"line":97,"column":48},"end":{"line":97,"column":49}},"loc":{"start":{"line":97,"column":59},"end":{"line":100,"column":3}},"line":97},"11":{"name":"(anonymous_11)","decl":{"start":{"line":102,"column":28},"end":{"line":102,"column":29}},"loc":{"start":{"line":103,"column":4},"end":{"line":133,"column":11}},"line":103},"12":{"name":"(anonymous_12)","decl":{"start":{"line":136,"column":29},"end":{"line":136,"column":30}},"loc":{"start":{"line":136,"column":35},"end":{"line":215,"column":3}},"line":136},"13":{"name":"(anonymous_13)","decl":{"start":{"line":155,"column":39},"end":{"line":155,"column":40}},"loc":{"start":{"line":155,"column":51},"end":{"line":212,"column":9}},"line":155},"14":{"name":"(anonymous_14)","decl":{"start":{"line":217,"column":32},"end":{"line":217,"column":33}},"loc":{"start":{"line":217,"column":38},"end":{"line":281,"column":3}},"line":217},"15":{"name":"(anonymous_15)","decl":{"start":{"line":236,"column":29},"end":{"line":236,"column":30}},"loc":{"start":{"line":236,"column":39},"end":{"line":278,"column":9}},"line":236},"16":{"name":"(anonymous_16)","decl":{"start":{"line":292,"column":21},"end":{"line":292,"column":22}},"loc":{"start":{"line":292,"column":27},"end":{"line":300,"column":13}},"line":292},"17":{"name":"(anonymous_17)","decl":{"start":{"line":311,"column":21},"end":{"line":311,"column":22}},"loc":{"start":{"line":311,"column":27},"end":{"line":319,"column":13}},"line":311},"18":{"name":"(anonymous_18)","decl":{"start":{"line":355,"column":37},"end":{"line":355,"column":38}},"loc":{"start":{"line":355,"column":42},"end":{"line":355,"column":61}},"line":355},"19":{"name":"(anonymous_19)","decl":{"start":{"line":361,"column":37},"end":{"line":361,"column":38}},"loc":{"start":{"line":361,"column":42},"end":{"line":361,"column":62}},"line":361},"20":{"name":"(anonymous_20)","decl":{"start":{"line":367,"column":50},"end":{"line":367,"column":51}},"loc":{"start":{"line":367,"column":55},"end":{"line":367,"column":69}},"line":367}},"branchMap":{"0":{"loc":{"start":{"line":69,"column":23},"end":{"line":75,"column":7}},"type":"binary-expr","locations":[{"start":{"line":69,"column":23},"end":{"line":69,"column":56}},{"start":{"line":69,"column":60},"end":{"line":75,"column":7}}],"line":69},"1":{"loc":{"start":{"line":77,"column":6},"end":{"line":83,"column":7}},"type":"if","locations":[{"start":{"line":77,"column":6},"end":{"line":83,"column":7}},{"start":{"line":80,"column":13},"end":{"line":83,"column":7}}],"line":77},"2":{"loc":{"start":{"line":107,"column":17},"end":{"line":107,"column":66}},"type":"cond-expr","locations":[{"start":{"line":107,"column":45},"end":{"line":107,"column":54}},{"start":{"line":107,"column":57},"end":{"line":107,"column":66}}],"line":107},"3":{"loc":{"start":{"line":137,"column":4},"end":{"line":150,"column":5}},"type":"if","locations":[{"start":{"line":137,"column":4},"end":{"line":150,"column":5}},{"start":{},"end":{}}],"line":137},"4":{"loc":{"start":{"line":180,"column":27},"end":{"line":180,"column":60}},"type":"cond-expr","locations":[{"start":{"line":180,"column":42},"end":{"line":180,"column":51}},{"start":{"line":180,"column":54},"end":{"line":180,"column":60}}],"line":180},"5":{"loc":{"start":{"line":192,"column":39},"end":{"line":193,"column":63}},"type":"cond-expr","locations":[{"start":{"line":192,"column":54},"end":{"line":192,"column":63}},{"start":{"line":193,"column":24},"end":{"line":193,"column":63}}],"line":192},"6":{"loc":{"start":{"line":193,"column":24},"end":{"line":193,"column":63}},"type":"cond-expr","locations":[{"start":{"line":193,"column":42},"end":{"line":193,"column":51}},{"start":{"line":193,"column":54},"end":{"line":193,"column":63}}],"line":193},"7":{"loc":{"start":{"line":205,"column":27},"end":{"line":205,"column":63}},"type":"cond-expr","locations":[{"start":{"line":205,"column":42},"end":{"line":205,"column":51}},{"start":{"line":205,"column":54},"end":{"line":205,"column":63}}],"line":205},"8":{"loc":{"start":{"line":207,"column":19},"end":{"line":207,"column":56}},"type":"cond-expr","locations":[{"start":{"line":207,"column":34},"end":{"line":207,"column":43}},{"start":{"line":207,"column":46},"end":{"line":207,"column":56}}],"line":207},"9":{"loc":{"start":{"line":218,"column":4},"end":{"line":231,"column":5}},"type":"if","locations":[{"start":{"line":218,"column":4},"end":{"line":231,"column":5}},{"start":{},"end":{}}],"line":218},"10":{"loc":{"start":{"line":258,"column":54},"end":{"line":258,"column":94}},"type":"cond-expr","locations":[{"start":{"line":258,"column":84},"end":{"line":258,"column":89}},{"start":{"line":258,"column":92},"end":{"line":258,"column":94}}],"line":258},"11":{"loc":{"start":{"line":266,"column":27},"end":{"line":266,"column":61}},"type":"cond-expr","locations":[{"start":{"line":266,"column":40},"end":{"line":266,"column":49}},{"start":{"line":266,"column":52},"end":{"line":266,"column":61}}],"line":266},"12":{"loc":{"start":{"line":268,"column":19},"end":{"line":268,"column":40}},"type":"cond-expr","locations":[{"start":{"line":268,"column":32},"end":{"line":268,"column":35}},{"start":{"line":268,"column":38},"end":{"line":268,"column":40}}],"line":268},"13":{"loc":{"start":{"line":270,"column":17},"end":{"line":274,"column":17}},"type":"binary-expr","locations":[{"start":{"line":270,"column":17},"end":{"line":270,"column":32}},{"start":{"line":270,"column":36},"end":{"line":270,"column":53}},{"start":{"line":271,"column":18},"end":{"line":273,"column":25}}],"line":270},"14":{"loc":{"start":{"line":294,"column":14},"end":{"line":299,"column":15}},"type":"if","locations":[{"start":{"line":294,"column":14},"end":{"line":299,"column":15}},{"start":{"line":296,"column":21},"end":{"line":299,"column":15}}],"line":294},"15":{"loc":{"start":{"line":313,"column":14},"end":{"line":318,"column":15}},"type":"if","locations":[{"start":{"line":313,"column":14},"end":{"line":318,"column":15}},{"start":{"line":315,"column":21},"end":{"line":318,"column":15}}],"line":313}},"s":{"0":0,"1":0,"2":0,"3":0,"4":0,"5":0,"6":0,"7":0,"8":0,"9":0,"10":0,"11":0,"12":0,"13":0,"14":0,"15":0,"16":0,"17":0,"18":0,"19":0,"20":0,"21":0,"22":0,"23":0,"24":0,"25":0,"26":0,"27":0,"28":0,"29":0,"30":0,"31":0,"32":0,"33":0,"34":0,"35":0,"36":0,"37":0,"38":0,"39":0,"40":0,"41":0,"42":0,"43":0,"44":0,"45":0,"46":0,"47":0,"48":0,"49":0,"50":0,"51":0,"52":0,"53":0,"54":0,"55":0,"56":0,"57":0,"58":0,"59":0,"60":0,"61":0,"62":0,"63":0},"f":{"0":0,"1":0,"2":0,"3":0,"4":0,"5":0,"6":0,"7":0,"8":0,"9":0,"10":0,"11":0,"12":0,"13":0,"14":0,"15":0,"16":0,"17":0,"18":0,"19":0,"20":0},"b":{"0":[0,0],"1":[0,0],"2":[0,0],"3":[0,0],"4":[0,0],"5":[0,0],"6":[0,0],"7":[0,0],"8":[0,0],"9":[0,0],"10":[0,0],"11":[0,0],"12":[0,0],"13":[0,0,0],"14":[0,0],"15":[0,0]}}
,"/Users/marcos/Desktop/03Projetos_Testes_Praticos/PersonalFinanceTracker/src/screens/transactions/AddTransactionScreen.tsx": {"path":"/Users/marcos/Desktop/03Projetos_Testes_Praticos/PersonalFinanceTracker/src/screens/transactions/AddTransactionScreen.tsx","statementMap":{"0":{"start":{"line":43,"column":39},"end":{"line":420,"column":1}},"1":{"start":{"line":44,"column":21},"end":{"line":44,"column":52}},"2":{"start":{"line":45,"column":16},"end":{"line":45,"column":38}},"3":{"start":{"line":46,"column":30},"end":{"line":46,"column":48}},"4":{"start":{"line":48,"column":83},"end":{"line":48,"column":100}},"5":{"start":{"line":51,"column":34},"end":{"line":58,"column":4}},"6":{"start":{"line":61,"column":46},"end":{"line":61,"column":61}},"7":{"start":{"line":62,"column":36},"end":{"line":62,"column":51}},"8":{"start":{"line":63,"column":46},"end":{"line":67,"column":17}},"9":{"start":{"line":68,"column":30},"end":{"line":68,"column":106}},"10":{"start":{"line":71,"column":2},"end":{"line":82,"column":24}},"11":{"start":{"line":72,"column":4},"end":{"line":81,"column":5}},"12":{"start":{"line":73,"column":6},"end":{"line":80,"column":9}},"13":{"start":{"line":85,"column":2},"end":{"line":96,"column":22}},"14":{"start":{"line":86,"column":32},"end":{"line":88,"column":30}},"15":{"start":{"line":90,"column":4},"end":{"line":95,"column":5}},"16":{"start":{"line":91,"column":6},"end":{"line":94,"column":10}},"17":{"start":{"line":91,"column":27},"end":{"line":94,"column":7}},"18":{"start":{"line":99,"column":2},"end":{"line":105,"column":57}},"19":{"start":{"line":100,"column":4},"end":{"line":104,"column":5}},"20":{"start":{"line":101,"column":6},"end":{"line":101,"column":33}},"21":{"start":{"line":103,"column":6},"end":{"line":103,"column":30}},"22":{"start":{"line":107,"column":35},"end":{"line":126,"column":56}},"23":{"start":{"line":108,"column":19},"end":{"line":108,"column":50}},"24":{"start":{"line":109,"column":4},"end":{"line":112,"column":5}},"25":{"start":{"line":110,"column":6},"end":{"line":110,"column":30}},"26":{"start":{"line":111,"column":6},"end":{"line":111,"column":13}},"27":{"start":{"line":114,"column":4},"end":{"line":125,"column":5}},"28":{"start":{"line":115,"column":21},"end":{"line":119,"column":7}},"29":{"start":{"line":121,"column":6},"end":{"line":121,"column":32}},"30":{"start":{"line":123,"column":6},"end":{"line":123,"column":49}},"31":{"start":{"line":124,"column":6},"end":{"line":124,"column":30}},"32":{"start":{"line":128,"column":23},"end":{"line":147,"column":3}},"33":{"start":{"line":129,"column":86},"end":{"line":129,"column":88}},"34":{"start":{"line":132,"column":4},"end":{"line":136,"column":5}},"35":{"start":{"line":133,"column":6},"end":{"line":133,"column":47}},"36":{"start":{"line":134,"column":11},"end":{"line":136,"column":5}},"37":{"start":{"line":135,"column":6},"end":{"line":135,"column":61}},"38":{"start":{"line":139,"column":18},"end":{"line":139,"column":28}},"39":{"start":{"line":140,"column":20},"end":{"line":140,"column":88}},"40":{"start":{"line":141,"column":4},"end":{"line":143,"column":5}},"41":{"start":{"line":142,"column":6},"end":{"line":142,"column":67}},"42":{"start":{"line":145,"column":4},"end":{"line":145,"column":25}},"43":{"start":{"line":146,"column":4},"end":{"line":146,"column":47}},"44":{"start":{"line":149,"column":21},"end":{"line":201,"column":3}},"45":{"start":{"line":150,"column":4},"end":{"line":153,"column":5}},"46":{"start":{"line":151,"column":6},"end":{"line":151,"column":69}},"47":{"start":{"line":152,"column":6},"end":{"line":152,"column":13}},"48":{"start":{"line":155,"column":4},"end":{"line":155,"column":23}},"49":{"start":{"line":157,"column":4},"end":{"line":200,"column":5}},"50":{"start":{"line":158,"column":21},"end":{"line":158,"column":52}},"51":{"start":{"line":159,"column":24},"end":{"line":159,"column":30}},"52":{"start":{"line":162,"column":6},"end":{"line":173,"column":7}},"53":{"start":{"line":163,"column":27},"end":{"line":167,"column":9}},"54":{"start":{"line":168,"column":8},"end":{"line":168,"column":49}},"55":{"start":{"line":171,"column":22},"end":{"line":171,"column":79}},"56":{"start":{"line":172,"column":8},"end":{"line":172,"column":35}},"57":{"start":{"line":175,"column":30},"end":{"line":183,"column":7}},"58":{"start":{"line":185,"column":6},"end":{"line":189,"column":7}},"59":{"start":{"line":186,"column":8},"end":{"line":186,"column":63}},"60":{"start":{"line":188,"column":8},"end":{"line":188,"column":40}},"61":{"start":{"line":191,"column":6},"end":{"line":191,"column":26}},"62":{"start":{"line":193,"column":6},"end":{"line":193,"column":56}},"63":{"start":{"line":194,"column":6},"end":{"line":197,"column":8}},"64":{"start":{"line":199,"column":6},"end":{"line":199,"column":26}},"65":{"start":{"line":203,"column":30},"end":{"line":205,"column":28}},"66":{"start":{"line":207,"column":25},"end":{"line":207,"column":44}},"67":{"start":{"line":208,"column":30},"end":{"line":208,"column":70}},"68":{"start":{"line":210,"column":2},"end":{"line":419,"column":4}},"69":{"start":{"line":217,"column":43},"end":{"line":217,"column":62}},"70":{"start":{"line":242,"column":31},"end":{"line":242,"column":81}},"71":{"start":{"line":242,"column":52},"end":{"line":242,"column":79}},"72":{"start":{"line":262,"column":31},"end":{"line":262,"column":82}},"73":{"start":{"line":262,"column":52},"end":{"line":262,"column":80}},"74":{"start":{"line":289,"column":40},"end":{"line":289,"column":88}},"75":{"start":{"line":289,"column":61},"end":{"line":289,"column":86}},"76":{"start":{"line":298,"column":18},"end":{"line":312,"column":37}},"77":{"start":{"line":304,"column":35},"end":{"line":304,"column":94}},"78":{"start":{"line":304,"column":56},"end":{"line":304,"column":92}},"79":{"start":{"line":340,"column":31},"end":{"line":340,"column":55}},"80":{"start":{"line":341,"column":35},"end":{"line":341,"column":65}},"81":{"start":{"line":343,"column":16},"end":{"line":364,"column":18}},"82":{"start":{"line":350,"column":35},"end":{"line":350,"column":79}},"83":{"start":{"line":350,"column":56},"end":{"line":350,"column":77}},"84":{"start":{"line":374,"column":29},"end":{"line":374,"column":52}},"85":{"start":{"line":394,"column":38},"end":{"line":394,"column":91}},"86":{"start":{"line":394,"column":59},"end":{"line":394,"column":89}},"87":{"start":{"line":410,"column":14},"end":{"line":410,"column":55}},"88":{"start":{"line":411,"column":14},"end":{"line":413,"column":15}},"89":{"start":{"line":412,"column":16},"end":{"line":412,"column":71}},"90":{"start":{"line":412,"column":37},"end":{"line":412,"column":68}},"91":{"start":{"line":422,"column":15},"end":{"line":601,"column":2}}},"fnMap":{"0":{"name":"(anonymous_0)","decl":{"start":{"line":43,"column":39},"end":{"line":43,"column":40}},"loc":{"start":{"line":43,"column":45},"end":{"line":420,"column":1}},"line":43},"1":{"name":"(anonymous_1)","decl":{"start":{"line":71,"column":12},"end":{"line":71,"column":13}},"loc":{"start":{"line":71,"column":18},"end":{"line":82,"column":3}},"line":71},"2":{"name":"(anonymous_2)","decl":{"start":{"line":85,"column":12},"end":{"line":85,"column":13}},"loc":{"start":{"line":85,"column":18},"end":{"line":96,"column":3}},"line":85},"3":{"name":"(anonymous_3)","decl":{"start":{"line":91,"column":18},"end":{"line":91,"column":19}},"loc":{"start":{"line":91,"column":27},"end":{"line":94,"column":7}},"line":91},"4":{"name":"(anonymous_4)","decl":{"start":{"line":99,"column":12},"end":{"line":99,"column":13}},"loc":{"start":{"line":99,"column":18},"end":{"line":105,"column":3}},"line":99},"5":{"name":"(anonymous_5)","decl":{"start":{"line":107,"column":47},"end":{"line":107,"column":48}},"loc":{"start":{"line":107,"column":59},"end":{"line":126,"column":3}},"line":107},"6":{"name":"(anonymous_6)","decl":{"start":{"line":128,"column":23},"end":{"line":128,"column":24}},"loc":{"start":{"line":128,"column":38},"end":{"line":147,"column":3}},"line":128},"7":{"name":"(anonymous_7)","decl":{"start":{"line":149,"column":21},"end":{"line":149,"column":22}},"loc":{"start":{"line":149,"column":33},"end":{"line":201,"column":3}},"line":149},"8":{"name":"(anonymous_8)","decl":{"start":{"line":217,"column":37},"end":{"line":217,"column":38}},"loc":{"start":{"line":217,"column":43},"end":{"line":217,"column":62}},"line":217},"9":{"name":"(anonymous_9)","decl":{"start":{"line":242,"column":25},"end":{"line":242,"column":26}},"loc":{"start":{"line":242,"column":31},"end":{"line":242,"column":81}},"line":242},"10":{"name":"(anonymous_10)","decl":{"start":{"line":242,"column":43},"end":{"line":242,"column":44}},"loc":{"start":{"line":242,"column":52},"end":{"line":242,"column":79}},"line":242},"11":{"name":"(anonymous_11)","decl":{"start":{"line":262,"column":25},"end":{"line":262,"column":26}},"loc":{"start":{"line":262,"column":31},"end":{"line":262,"column":82}},"line":262},"12":{"name":"(anonymous_12)","decl":{"start":{"line":262,"column":43},"end":{"line":262,"column":44}},"loc":{"start":{"line":262,"column":52},"end":{"line":262,"column":80}},"line":262},"13":{"name":"(anonymous_13)","decl":{"start":{"line":289,"column":30},"end":{"line":289,"column":31}},"loc":{"start":{"line":289,"column":40},"end":{"line":289,"column":88}},"line":289},"14":{"name":"(anonymous_14)","decl":{"start":{"line":289,"column":52},"end":{"line":289,"column":53}},"loc":{"start":{"line":289,"column":61},"end":{"line":289,"column":86}},"line":289},"15":{"name":"(anonymous_15)","decl":{"start":{"line":297,"column":41},"end":{"line":297,"column":42}},"loc":{"start":{"line":298,"column":18},"end":{"line":312,"column":37}},"line":298},"16":{"name":"(anonymous_16)","decl":{"start":{"line":304,"column":29},"end":{"line":304,"column":30}},"loc":{"start":{"line":304,"column":35},"end":{"line":304,"column":94}},"line":304},"17":{"name":"(anonymous_17)","decl":{"start":{"line":304,"column":47},"end":{"line":304,"column":48}},"loc":{"start":{"line":304,"column":56},"end":{"line":304,"column":92}},"line":304},"18":{"name":"(anonymous_18)","decl":{"start":{"line":339,"column":39},"end":{"line":339,"column":40}},"loc":{"start":{"line":339,"column":53},"end":{"line":365,"column":15}},"line":339},"19":{"name":"(anonymous_19)","decl":{"start":{"line":350,"column":29},"end":{"line":350,"column":30}},"loc":{"start":{"line":350,"column":35},"end":{"line":350,"column":79}},"line":350},"20":{"name":"(anonymous_20)","decl":{"start":{"line":350,"column":47},"end":{"line":350,"column":48}},"loc":{"start":{"line":350,"column":56},"end":{"line":350,"column":77}},"line":350},"21":{"name":"(anonymous_21)","decl":{"start":{"line":374,"column":23},"end":{"line":374,"column":24}},"loc":{"start":{"line":374,"column":29},"end":{"line":374,"column":52}},"line":374},"22":{"name":"(anonymous_22)","decl":{"start":{"line":394,"column":28},"end":{"line":394,"column":29}},"loc":{"start":{"line":394,"column":38},"end":{"line":394,"column":91}},"line":394},"23":{"name":"(anonymous_23)","decl":{"start":{"line":394,"column":50},"end":{"line":394,"column":51}},"loc":{"start":{"line":394,"column":59},"end":{"line":394,"column":89}},"line":394},"24":{"name":"(anonymous_24)","decl":{"start":{"line":409,"column":22},"end":{"line":409,"column":23}},"loc":{"start":{"line":409,"column":47},"end":{"line":414,"column":13}},"line":409},"25":{"name":"(anonymous_25)","decl":{"start":{"line":412,"column":28},"end":{"line":412,"column":29}},"loc":{"start":{"line":412,"column":37},"end":{"line":412,"column":68}},"line":412}},"branchMap":{"0":{"loc":{"start":{"line":46,"column":30},"end":{"line":46,"column":48}},"type":"binary-
[...]
"line":16},"9":{"loc":{"start":{"line":19,"column":4},"end":{"line":23,"column":5}},"type":"if","locations":[{"start":{"line":19,"column":4},"end":{"line":23,"column":5}},{"start":{"line":21,"column":11},"end":{"line":23,"column":5}}],"line":19},"10":{"loc":{"start":{"line":27,"column":9},"end":{"line":27,"column":51}},"type":"binary-expr","locations":[{"start":{"line":27,"column":9},"end":{"line":27,"column":30}},{"start":{"line":27,"column":34},"end":{"line":27,"column":51}}],"line":27},"11":{"loc":{"start":{"line":31,"column":2},"end":{"line":31,"column":24}},"type":"if","locations":[{"start":{"line":31,"column":2},"end":{"line":31,"column":24}},{"start":{},"end":{}}],"line":31},"12":{"loc":{"start":{"line":39,"column":2},"end":{"line":48,"column":3}},"type":"if","locations":[{"start":{"line":39,"column":2},"end":{"line":48,"column":3}},{"start":{"line":42,"column":9},"end":{"line":48,"column":3}}],"line":39},"13":{"loc":{"start":{"line":39,"column":6},"end":{"line":39,"column":45}},"type":"binary-expr","locations":[{"start":{"line":39,"column":6},"end":{"line":39,"column":25}},{"start":{"line":39,"column":29},"end":{"line":39,"column":45}}],"line":39},"14":{"loc":{"start":{"line":42,"column":9},"end":{"line":48,"column":3}},"type":"if","locations":[{"start":{"line":42,"column":9},"end":{"line":48,"column":3}},{"start":{"line":45,"column":9},"end":{"line":48,"column":3}}],"line":42},"15":{"loc":{"start":{"line":42,"column":13},"end":{"line":42,"column":50}},"type":"binary-expr","locations":[{"start":{"line":42,"column":13},"end":{"line":42,"column":32}},{"start":{"line":42,"column":36},"end":{"line":42,"column":50}}],"line":42},"16":{"loc":{"start":{"line":45,"column":9},"end":{"line":48,"column":3}},"type":"if","locations":[{"start":{"line":45,"column":9},"end":{"line":48,"column":3}},{"start":{},"end":{}}],"line":45},"17":{"loc":{"start":{"line":45,"column":13},"end":{"line":45,"column":47}},"type":"binary-expr","locations":[{"start":{"line":45,"column":13},"end":{"line":45,"column":29}},{"start":{"line":45,"column":33},"end":{"line":45,"column":47}}],"line":45},"18":{"loc":{"start":{"line":50,"column":9},"end":{"line":50,"column":33}},"type":"binary-expr","locations":[{"start":{"line":50,"column":9},"end":{"line":50,"column":28}},{"start":{"line":50,"column":32},"end":{"line":50,"column":33}}],"line":50}},"s":{"0":0,"1":0,"2":0,"3":0,"4":0,"5":0,"6":0,"7":0,"8":0,"9":0,"10":0,"11":0,"12":0,"13":0,"14":0,"15":0,"16":0,"17":0,"18":0,"19":0,"20":0,"21":0,"22":0,"23":0,"24":0,"25":0,"26":0,"27":0,"28":0,"29":0,"30":0,"31":0,"32":0,"33":0,"34":0},"f":{"0":0,"1":0,"2":0},"b":{"0":[0,0],"1":[0,0],"2":[0,0],"3":[0,0],"4":[0,0],"5":[0,0],"6":[0,0],"7":[0,0],"8":[0,0],"9":[0,0],"10":[0,0],"11":[0,0],"12":[0,0],"13":[0,0],"14":[0,0],"15":[0,0],"16":[0,0],"17":[0,0],"18":[0,0]}}
,"/Users/marcos/Desktop/03Projetos_Testes_Praticos/PersonalFinanceTracker/src/utils/helpers.ts": {"path":"/Users/marcos/Desktop/03Projetos_Testes_Praticos/PersonalFinanceTracker/src/utils/helpers.ts","statementMap":{"0":{"start":{"line":4,"column":26},"end":{"line":6,"column":1}},"1":{"start":{"line":5,"column":2},"end":{"line":5,"column":75}},"2":{"start":{"line":9,"column":31},"end":{"line":11,"column":1}},"3":{"start":{"line":10,"column":2},"end":{"line":10,"column":35}},"4":{"start":{"line":13,"column":30},"end":{"line":15,"column":1}},"5":{"start":{"line":14,"column":2},"end":{"line":14,"column":34}},"6":{"start":{"line":17,"column":26},"end":{"line":24,"column":1}},"7":{"start":{"line":18,"column":12},"end":{"line":18,"column":60}},"8":{"start":{"line":19,"column":2},"end":{"line":23,"column":5}},"9":{"start":{"line":26,"column":28},"end":{"line":32,"column":1}},"10":{"start":{"line":27,"column":17},"end":{"line":30,"column":3}},"11":{"start":{"line":31,"column":2},"end":{"line":31,"column":33}},"12":{"start":{"line":34,"column":34},"end":{"line":36,"column":1}},"13":{"start":{"line":35,"column":2},"end":{"line":35,"column":42}},"14":{"start":{"line":39,"column":30},"end":{"line":55,"column":1}},"15":{"start":{"line":40,"column":52},"end":{"line":46,"column":3}},"16":{"start":{"line":48,"column":17},"end":{"line":48,"column":55}},"17":{"start":{"line":50,"column":2},"end":{"line":54,"column":20}},"18":{"start":{"line":57,"column":33},"end":{"line":66,"column":1}},"19":{"start":{"line":58,"column":44},"end":{"line":64,"column":3}},"20":{"start":{"line":65,"column":2},"end":{"line":65,"column":34}},"21":{"start":{"line":69,"column":33},"end":{"line":147,"column":1}},"22":{"start":{"line":70,"column":2},"end":{"line":146,"column":4}},"23":{"start":{"line":149,"column":31},"end":{"line":151,"column":1}},"24":{"start":{"line":150,"column":2},"end":{"line":150,"column":44}},"25":{"start":{"line":153,"column":31},"end":{"line":155,"column":1}},"26":{"start":{"line":154,"column":2},"end":{"line":154,"column":44}},"27":{"start":{"line":157,"column":32},"end":{"line":159,"column":1}},"28":{"start":{"line":158,"column":2},"end":{"line":158,"column":45}},"29":{"start":{"line":161,"column":35},"end":{"line":166,"column":1}},"30":{"start":{"line":162,"column":17},"end":{"line":162,"column":36}},"31":{"start":{"line":163,"column":2},"end":{"line":165,"column":29}},"32":{"start":{"line":164,"column":18},"end":{"line":164,"column":74}},"33":{"start":{"line":168,"column":36},"end":{"line":173,"column":1}},"34":{"start":{"line":169,"column":17},"end":{"line":169,"column":36}},"35":{"start":{"line":170,"column":2},"end":{"line":172,"column":29}},"36":{"start":{"line":171,"column":18},"end":{"line":171,"column":75}},"37":{"start":{"line":176,"column":30},"end":{"line":179,"column":1}},"38":{"start":{"line":177,"column":24},"end":{"line":177,"column":42}},"39":{"start":{"line":178,"column":2},"end":{"line":178,"column":52}},"40":{"start":{"line":181,"column":32},"end":{"line":183,"column":1}},"41":{"start":{"line":182,"column":2},"end":{"line":182,"column":33}},"42":{"start":{"line":185,"column":30},"end":{"line":191,"column":1}},"43":{"start":{"line":187,"column":18},"end":{"line":187,"column":48}},"44":{"start":{"line":189,"column":21},"end":{"line":189,"column":46}},"45":{"start":{"line":190,"column":2},"end":{"line":190,"column":37}},"46":{"start":{"line":194,"column":26},"end":{"line":203,"column":1}},"47":{"start":{"line":198,"column":2},"end":{"line":202,"column":5}},"48":{"start":{"line":199,"column":18},"end":{"line":199,"column":44}},"49":{"start":{"line":200,"column":18},"end":{"line":200,"column":44}},"50":{"start":{"line":201,"column":4},"end":{"line":201,"column":60}},"51":{"start":{"line":205,"column":28},"end":{"line":217,"column":1}},"52":{"start":{"line":206,"column":2},"end":{"line":216,"column":32}},"53":{"start":{"line":207,"column":17},"end":{"line":207,"column":36}},"54":{"start":{"line":208,"column":16},"end":{"line":208,"column":87}},"55":{"start":{"line":210,"column":4},"end":{"line":212,"column":5}},"56":{"start":{"line":211,"column":6},"end":{"line":211,"column":23}},"57":{"start":{"line":213,"column":4},"end":{"line":213,"column":27}},"58":{"start":{"line":215,"column":4},"end":{"line":215,"column":18}},"59":{"start":{"line":220,"column":24},"end":{"line":230,"column":1}},"60":{"start":{"line":226,"column":2},"end":{"line":229,"column":4}},"61":{"start":{"line":227,"column":4},"end":{"line":227,"column":26}},"62":{"start":{"line":228,"column":4},"end":{"line":228,"column":52}},"63":{"start":{"line":228,"column":31},"end":{"line":228,"column":44}},"64":{"start":{"line":233,"column":31},"end":{"line":243,"column":1}},"65":{"start":{"line":234,"column":2},"end":{"line":236,"column":3}},"66":{"start":{"line":235,"column":4},"end":{"line":235,"column":25}},"67":{"start":{"line":238,"column":2},"end":{"line":240,"column":3}},"68":{"start":{"line":239,"column":4},"end":{"line":239,"column":17}},"69":{"start":{"line":242,"column":2},"end":{"line":242,"column":38}},"70":{"start":{"line":246,"column":26},"end":{"line":248,"column":1}},"71":{"start":{"line":247,"column":2},"end":{"line":247,"column":56}},"72":{"start":{"line":250,"column":35},"end":{"line":253,"column":1}},"73":{"start":{"line":251,"column":2},"end":{"line":251,"column":28}},"74":{"start":{"line":251,"column":19},"end":{"line":251,"column":28}},"75":{"start":{"line":252,"column":2},"end":{"line":252,"column":43}},"76":{"start":{"line":256,"column":29},"end":{"line":268,"column":1}},"77":{"start":{"line":257,"column":21},"end":{"line":257,"column":35}},"78":{"start":{"line":259,"column":2},"end":{"line":261,"column":3}},"79":{"start":{"line":260,"column":4},"end":{"line":260,"column":17}},"80":{"start":{"line":263,"column":2},"end":{"line":265,"column":3}},"81":{"start":{"line":264,"column":4},"end":{"line":264,"column":17}},"82":{"start":{"line":267,"column":2},"end":{"line":267,"column":14}},"83":{"start":{"line":270,"column":36},"end":{"line":278,"column":1}},"84":{"start":{"line":271,"column":20},"end":{"line":271,"column":48}},"85":{"start":{"line":272,"column":18},"end":{"line":272,"column":42}},"86":{"start":{"line":274,"column":2},"end":{"line":277,"column":4}}},"fnMap":{"0":{"name":"(anonymous_0)","decl":{"start":{"line":4,"column":26},"end":{"line":4,"column":27}},"loc":{"start":{"line":4,"column":40},"end":{"line":6,"column":1}},"line":4},"1":{"name":"(anonymous_1)","decl":{"start":{"line":9,"column":31},"end":{"line":9,"column":32}},"loc":{"start":{"line":9,"column":45},"end":{"line":11,"column":1}},"line":9},"2":{"name":"(anonymous_2)","decl":{"start":{"line":13,"column":30},"end":{"line":13,"column":31}},"loc":{"start":{"line":13,"column":44},"end":{"line":15,"column":1}},"line":13},"3":{"name":"(anonymous_3)","decl":{"start":{"line":17,"column":26},"end":{"line":17,"column":27}},"loc":{"start":{"line":17,"column":59},"end":{"line":24,"column":1}},"line":17},"4":{"name":"(anonymous_4)","decl":{"start":{"line":26,"column":28},"end":{"line":26,"column":29}},"loc":{"start":{"line":26,"column":55},"end":{"line":32,"column":1}},"line":26},"5":{"name":"(anonymous_5)","decl":{"start":{"line":34,"column":34},"end":{"line":34,"column":35}},"loc":{"start":{"line":34,"column":75},"end":{"line":36,"column":1}},"line":34},"6":{"name":"(anonymous_6)","decl":{"start":{"line":39,"column":30},"end":{"line":39,"column":31}},"loc":{"start":{"line":39,"column":86},"end":{"line":55,"column":1}},"line":39},"7":{"name":"(anonymous_7)","decl":{"start":{"line":57,"column":33},"end":{"line":57,"column":34}},"loc":{"start":{"line":57,"column":65},"end":{"line":66,"column":1}},"line":57},"8":{"name":"(anonymous_8)","decl":{"start":{"line":69,"column":33},"end":{"line":69,"column":34}},"loc":{"start":{"line":69,"column":84},"end":{"line":147,"column":1}},"line":69},"9":{"name":"(anonymous_9)","decl":{"start":{"line":149,"column":31},"end":{"line":149,"column":32}},"loc":{"start":{"line":149,"column":74},"end":{"line":151,"column":1}},"line":149},"10":{"name":"(anonymous_10)","decl":{"start":{"line":153,"column":31},"end":{"line":153,"column":32}},"loc":{"start":{"line":153,"column":74},"end":{"line":155,"column":1}},"line":153},"11":{"name":"(anonymous_11)","decl":{"start":{"line":157,"column":32},"end":{"line":157,"column":33}},"loc":{"start":{"line":157,"column":75},"end":{"line":159,"column":1}},"line":157},"12":{"name":"(anonymous_12)","decl":{"start":{"line":161,"column":35},"end":{"line":161,"column":36}},"loc":{"start":{"line":161,"column":64},"end":{"line":166,"column":1}},"line":161},"13":{"name":"(anonymous_13)","decl":{"start":{"line":164,"column":4},"end":{"line":164,"column":5}},"loc":{"start":{"line":164,"column":18},"end":{"line":164,"column":74}},"line":164},"14":{"name":"(anonymous_14)","decl":{"start":{"line":168,"column":36},"end":{"line":168,"column":37}},"loc":{"start":{"line":168,"column":65},"end":{"line":173,"column":1}},"line":168},"15":{"name":"(anonymous_15)","decl":{"start":{"line":171,"column":4},"end":{"line":171,"column":5}},"loc":{"start":{"line":171,"column":18},"end":{"line":171,"column":75}},"line":171},"16":{"name":"(anonymous_16)","decl":{"start":{"line":176,"column":30},"end":{"line":176,"column":31}},"loc":{"start":{"line":176,"column":59},"end":{"line":179,"column":1}},"line":176},"17":{"name":"(anonymous_17)","decl":{"start":{"line":181,"column":32},"end":{"line":181,"column":33}},"loc":{"start":{"line":181,"column":60},"end":{"line":183,"column":1}},"line":181},"18":{"name":"(anonymous_18)","decl":{"start":{"line":185,"column":30},"end":{"line":185,"column":31}},"loc":{"start":{"line":185,"column":58},"end":{"line":191,"column":1}},"line":185},"19":{"name":"(anonymous_19)","decl":{"start":{"line":194,"column":26},"end":{"line":194,"column":27}},"loc":{"start":{"line":197,"column":10},"end":{"line":203,"column":1}},"line":197},"20":{"name":"(anonymous_20)","decl":{"start":{"line":198,"column":25},"end":{"line":198,"column":26}},"loc":{"start":{"line":198,"column":35},"end":{"line":202,"column":3}},"line":198},"21":{"name":"(anonymous_21)","decl":{"start":{"line":205,"column":28},"end":{"line":205,"column":29}},"loc":{"start":{"line":205,"column":93},"end":{"line":217,"column":1}},"line":205},"22":{"name":"(anonymous_22)","decl":{"start":{"line":206,"column":22},"end":{"line":206,"column":23}},"loc":{"start":{"line":206,"column":40},"end":{"line":216,"column":3}},"line":206},"23":{"name":"(anonymous_23)","decl":{"start":{"line":220,"column":24},"end":{"line":220,"column":25}},"loc":{"start":{"line":223,"column":41},"end":{"line":230,"column":1}},"line":223},"24":{"name":"(anonymous_24)","decl":{"start":{"line":226,"column":9},"end":{"line":226,"column":10}},"loc":{"start":{"line":226,"column":37},"end":{"line":229,"column":3}},"line":226},"25":{"name":"(anonymous_25)","decl":{"start":{"line":228,"column":25},"end":{"line":228,"column":26}},"loc":{"start":{"line":228,"column":31},"end":{"line":228,"column":44}},"line":228},"26":{"name":"(anonymous_26)","decl":{"start":{"line":233,"column":31},"end":{"line":233,"column":32}},"loc":{"start":{"line":233,"column":59},"end":{"line":243,"column":1}},"line":233},"27":{"name":"(anonymous_27)","decl":{"start":{"line":246,"column":26},"end":{"line":246,"column":27}},"loc":{"start":{"line":246,"column":51},"end":{"line":248,"column":1}},"line":246},"28":{"name":"(anonymous_28)","decl":{"start":{"line":250,"column":35},"end":{"line":250,"column":36}},"loc":{"start":{"line":250,"column":77},"end":{"line":253,"column":1}},"line":250},"29":{"name":"(anonymous_29)","decl":{"start":{"line":256,"column":29},"end":{"line":256,"column":30}},"loc":{"start":{"line":256,"column":94},"end":{"line":268,"column":1}},"line":256},"30":{"name":"(anonymous_30)","decl":{"start":{"line":270,"column":36},"end":{"line":270,"column":37}},"loc":{"start":{"line":270,"column":69},"end":{"line":278,"column":1}},"line":270}},"branchMap":{"0":{"loc":{"start":{"line":18,"column":12},"end":{"line":18,"column":60}},"type":"cond-expr","locations":[{"start":{"line":18,"column":39},"end":{"line":18,"column":53}},{"start":{"line":18,"column":56},"end":{"line":18,"column":60}}],"line":18},"1":{"loc":{"start":{"line":31,"column":9},"end":{"line":31,"column":32}},"type":"binary-expr","locations":[{"start":{"line":31,"column":9},"end":{"line":31,"column":26}},{"start":{"line":31,"column":30},"end":{"line":31,"column":32}}],"line":31},"2":{"loc":{"start":{"line":39,"column":47},"end":{"line":39,"column":73}},"type":"default-arg","locations":[{"start":{"line":39,"column":68},"end":{"line":39,"column":73}}],"line":39},"3":{"loc":{"start":{"line":48,"column":17},"end":{"line":48,"column":55}},"type":"cond-expr","locations":[{"start":{"line":48,"column":38},"end":{"line":48,"column":45}},{"start":{"line":48,"column":48},"end":{"line":48,"column":55}}],"line":48},"4":{"loc":{"start":{"line":53,"column":27},"end":{"line":53,"column":53}},"type":"cond-expr","locations":[{"start":{"line":53,"column":48},"end":{"line":53,"column":49}},{"start":{"line":53,"column":52},"end":{"line":53,"column":53}}],"line":53},"5":{"loc":{"start":{"line":65,"column":9},"end":{"line":65,"column":33}},"type":"binary-expr","locations":[{"start":{"line":65,"column":9},"end":{"line":65,"column":26}},{"start":{"line":65,"column":30},"end":{"line":65,"column":33}}],"line":65},"6":{"loc":{"start":{"line":178,"column":9},"end":{"line":178,"column":51}},"type":"binary-expr","locations":[{"start":{"line":178,"column":9},"end":{"line":178,"column":30}},{"start":{"line":178,"column":34},"end":{"line":178,"column":51}}],"line":178},"7":{"loc":{"start":{"line":190,"column":9},"end":{"line":190,"column":36}},"type":"binary-expr","locations":[{"start":{"line":190,"column":9},"end":{"line":190,"column":31}},{"start":{"line":190,"column":35},"end":{"line":190,"column":36}}],"line":190},"8":{"loc":{"start":{"line":196,"column":2},"end":{"line":196,"column":32}},"type":"default-arg","locations":[{"start":{"line":196,"column":26},"end":{"line":196,"column":32}}],"line":196},"9":{"loc":{"start":{"line":201,"column":11},"end":{"line":201,"column":59}},"type":"cond-expr","locations":[{"start":{"line":201,"column":30},"end":{"line":201,"column":43}},{"start":{"line":201,"column":46},"end":{"line":201,"column":59}}],"line":201},"10":{"loc":{"start":{"line":210,"column":4},"end":{"line":212,"column":5}},"type":"if","locations":[{"start":{"line":210,"column":4},"end":{"line":212,"column":5}},{"start":{},"end":{}}],"line":210},"11":{"loc":{"start":{"line":234,"column":2},"end":{"line":236,"column":3}},"type":"if","locations":[{"start":{"line":234,"column":2},"end":{"line":236,"column":3}},{"start":{},"end":{}}],"line":234},"12":{"loc":{"start":{"line":238,"column":2},"end":{"line":240,"column":3}},"type":"if","locations":[{"start":{"line":238,"column":2},"end":{"line":240,"column":3}},{"start":{},"end":{}}],"line":238},"13":{"loc":{"start":{"line":251,"column":2},"end":{"line":251,"column":28}},"type":"if","locations":[{"start":{"line":251,"column":2},"end":{"line":251,"column":28}},{"start":{},"end":{}}],"line":251},"14":{"loc":{"start":{"line":259,"column":2},"end":{"line":261,"column":3}},"type":"if","locations":[{"start":{"line":259,"column":2},"end":{"line":261,"column":3}},{"start":{},"end":{}}],"line":259},"15":{"loc":{"start":{"line":259,"column":6},"end":{"line":259,"column":51}},"type":"binary-expr","locations":[{"start":{"line":259,"column":6},"end":{"line":259,"column":15}},{"start":{"line":259,"column":19},"end":{"line":259,"column":51}}],"line":259},"16":{"loc":{"start":{"line":263,"column":2},"end":{"line":265,"column":3}},"type":"if","locations":[{"start":{"line":263,"column":2},"end":{"line":265,"column":3}},{"start":{},"end":{}}],"line":263},"17":{"loc":{"start":{"line":263,"column":6},"end":{"line":263,"column":47}},"type":"binary-expr","locations":[{"start":{"line":263,"column":6},"end":{"line":263,"column":13}},{"start":{"line":263,"column":17},"end":{"line":263,"column":47}}],"line":263}},"s":{"0":2,"1":0,"2":2,"3":0,"4":2,"5":0,"6":2,"7":0,"8":0,"9":2,"10":0,"11":0,"12":2,"13":0,"14":2,"15":0,"16":0,"17":0,"18":2,"19":0,"20":0,"21":2,"22":0,"23":2,"24":0,"25":2,"26":0,"27":2,"28":0,"29":2,"30":0,"31":0,"32":0,"33":2,"34":0,"35":0,"36":0,"37":2,"38":0,"39":0,"40":2,"41":0,"42":2,"43":0,"44":0,"45":0,"46":2,"47":0,"48":0,"49":0,"50":0,"51":2,"52":0,"53":0,"54":0,"55":0,"56":0,"57":0,"58":0,"59":2,"60":0,"61":0,"62":0,"63":0,"64":2,"65":0,"66":0,"67":0,"68":0,"69":0,"70":2,"71":0,"72":2,"73":0,"74":0,"75":0,"76":2,"77":0,"78":0,"79":0,"80":0,"81":0,"82":0,"83":2,"84":0,"85":0,"86":0},"f":{"0":0,"1":0,"2":0,"3":0,"4":0,"5":0,"6":0,"7":0,"8":0,"9":0,"10":0,"11":0,"12":0,"13":0,"14":0,"15":0,"16":0,"17":0,"18":0,"19":0,"20":0,"21":0,"22":0,"23":0,"24":0,"25":0,"26":0,"27":0,"28":0,"29":0,"30":0},"b":{"0":[0,0],"1":[0,0],"2":[0],"3":[0,0],"4":[0,0],"5":[0,0],"6":[0,0],"7":[0,0],"8":[0],"9":[0,0],"10":[0,0],"11":[0,0],"12":[0,0],"13":[0,0],"14":[0,0],"15":[0,0],"16":[0,0],"17":[0,0]},"_coverageSchema":"1a1c01bbd47fc00a2c39e90264f33305004495a9","hash":"d076411297afca8307377c3a1630fe7e74209402"}
}
