TN:
SF:src/components/common/Button.tsx
FN:12,(anonymous_0)
FNF:1
FNH:0
FNDA:0,(anonymous_0)
DA:12,0
DA:19,0
DA:37,0
LF:3
LH:0
BRDA:15,0,0,0
BRDA:16,1,0,0
BRDA:24,2,0,0
BRDA:24,2,1,0
BRF:4
BRH:0
end_of_record
TN:
SF:src/components/common/Card.tsx
FN:10,(anonymous_0)
FNF:1
FNH:0
FNDA:0,(anonymous_0)
DA:10,0
DA:15,0
DA:22,0
LF:3
LH:0
BRDA:13,0,0,0
BRF:1
BRH:0
end_of_record
TN:
SF:src/components/common/CategoryIcon.tsx
FN:11,(anonymous_0)
FN:16,(anonymous_1)
FN:32,(anonymous_2)
FNF:3
FNH:0
FNDA:0,(anonymous_0)
FNDA:0,(anonymous_1)
FNDA:0,(anonymous_2)
DA:11,0
DA:16,0
DA:17,0
DA:29,0
DA:32,0
DA:33,0
DA:45,0
DA:48,0
DA:59,0
LF:9
LH:0
BRDA:13,0,0,0
BRDA:29,1,0,0
BRDA:29,1,1,0
BRDA:45,2,0,0
BRDA:45,2,1,0
BRDA:45,2,2,0
BRF:6
BRH:0
end_of_record
TN:
SF:src/navigation/AppNavigator.tsx
FN:21,(anonymous_0)
FN:24,(anonymous_1)
FN:25,(anonymous_2)
FN:79,(anonymous_3)
FN:107,(anonymous_4)
FN:115,(anonymous_5)
FNF:6
FNH:0
FNDA:0,(anonymous_0)
FNDA:0,(anonymous_1)
FNDA:0,(anonymous_2)
FNDA:0,(anonymous_3)
FNDA:0,(anonymous_4)
FNDA:0,(anonymous_5)
DA:18,0
DA:19,0
DA:21,0
DA:22,0
DA:24,0
DA:28,0
DA:29,0
DA:30,0
DA:31,0
DA:32,0
DA:33,0
DA:34,0
DA:35,0
DA:37,0
DA:40,0
DA:79,0
DA:80,0
DA:107,0
DA:115,0
LF:19
LH:0
BRDA:28,0,0,0
BRDA:28,0,1,0
BRDA:29,1,0,0
BRDA:29,1,1,0
BRDA:30,2,0,0
BRDA:30,2,1,0
BRDA:31,3,0,0
BRDA:31,3,1,0
BRDA:32,4,0,0
BRDA:32,4,1,0
BRDA:33,5,0,0
BRDA:33,5,1,0
BRDA:34,6,0,0
BRDA:34,6,1,0
BRDA:35,7,0,0
BRDA:35,7,1,0
BRDA:108,8,0,0
BRDA:108,8,1,0
BRDA:116,9,0,0
BRDA:116,9,1,0
BRF:20
BRH:0
end_of_record
TN:
SF:src/screens/SplashScreen.tsx
FN:6,SplashScreen
FN:9,(anonymous_1)
FN:10,(anonymous_2)
FN:14,(anonymous_3)
FNF:4
FNH:0
FNDA:0,SplashScreen
FNDA:0,(anonymous_1)
FNDA:0,(anonymous_2)
FNDA:0,(anonymous_3)
DA:7,0
DA:9,0
DA:10,0
DA:12,0
DA:14,0
DA:17,0
DA:37,0
LF:7
LH:0
BRF:0
BRH:0
end_of_record
TN:
SF:src/screens/budget/AddBudgetScreen.tsx
FN:42,(anonymous_0)
FN:74,(anonymous_1)
FN:87,(anonymous_2)
FN:95,(anonymous_3)
FN:116,(anonymous_4)
FN:142,(anonymous_5)
FN:199,(anonymous_6)
FN:200,(anonymous_7)
FN:209,(anonymous_8)
FN:236,(anonymous_9)
FN:243,(anonymous_10)
FN:243,(anonymous_11)
FN:259,(anonymous_12)
FN:266,(anonymous_13)
FN:266,(anonymous_14)
FN:291,(anonymous_15)
FN:291,(anonymous_16)
FN:299,(anonymous_17)
FN:306,(anonymous_18)
FN:306,(anonymous_19)
FN:344,(anonymous_20)
FN:356,(anonymous_21)
FN:356,(anonymous_22)
FNF:23
FNH:0
FNDA:0,(anonymous_0)
FNDA:0,(anonymous_1)
FNDA:0,(anonymous_2)
FNDA:0,(anonymous_3)
FNDA:0,(anonymous_4)
FNDA:0,(anonymous_5)
FNDA:0,(anonymous_6)
FNDA:0,(anonymous_7)
FNDA:0,(anonymous_8)
FNDA:0,(anonymous_9)
FNDA:0,(anonymous_10)
FNDA:0,(anonymous_11)
FNDA:0,(anonymous_12)
FNDA:0,(anonymous_13)
FNDA:0,(anonymous_14)
FNDA:0,(anonymous_15)
FNDA:0,(anonymous_16)
FNDA:0,(anonymous_17)
FNDA:0,(anonymous_18)
FNDA:0,(anonymous_19)
FNDA:0,(anonymous_20)
FNDA:0,(anonymous_21)
FNDA:0,(anonymous_22)
DA:42,0
DA:43,0
DA:44,0
DA:45,0
DA:53,0
DA:56,0
DA:65,0
DA:66,0
DA:71,0
DA:74,0
DA:75,0
DA:76,0
DA:87,0
DA:88,0
DA:89,0
DA:91,0
DA:95,0
DA:96,0
DA:97,0
DA:98,0
DA:99,0
DA:102,0
DA:103,0
DA:109,0
DA:111,0
DA:112,0
DA:116,0
DA:117,0
DA:120,0
DA:121,0
DA:122,0
DA:123,0
DA:127,0
DA:128,0
DA:133,0
DA:134,0
DA:138,0
DA:139,0
DA:142,0
DA:143,0
DA:144,0
DA:145,0
DA:148,0
DA:150,0
DA:151,0
DA:152,0
DA:155,0
DA:156,0
DA:161,0
DA:164,0
DA:165,0
DA:168,0
DA:177,0
DA:178,0
DA:180,0
DA:183,0
DA:185,0
DA:186,0
DA:191,0
DA:195,0
DA:196,0
DA:197,0
DA:199,0
DA:200,0
DA:202,0
DA:209,0
DA:237,0
DA:243,0
DA:260,0
DA:266,0
DA:291,0
DA:300,0
DA:306,0
DA:345,0
DA:346,0
DA:348,0
DA:356,0
DA:394,0
LF:78
LH:0
BRDA:45,0,0,0
BRDA:45,0,1,0
BRDA:75,1,0,0
BRDA:75,1,1,0
BRDA:88,2,0,0
BRDA:88,2,1,0
BRDA:88,3,0,0
BRDA:88,3,1,0
BRDA:97,4,0,0
BRDA:97,4,1,0
BRDA:120,5,0,0
BRDA:120,5,1,0
BRDA:122,6,0,0
BRDA:122,6,1,0
BRDA:127,7,0,0
BRDA:127,7,1,0
BRDA:133,8,0,0
BRDA:133,8,1,0
BRDA:143,9,0,0
BRDA:143,9,1,0
BRDA:155,10,0,0
BRDA:155,10,1,0
BRDA:177,11,0,0
BRDA:177,11,1,0
BRDA:205,12,0,0
BRDA:205,12,1,0
BRDA:213,13,0,0
BRDA:213,13,1,0
BRDA:216,14,0,0
BRDA:216,14,1,0
BRDA:241,15,0,0
BRDA:241,15,1,0
BRDA:247,16,0,0
BRDA:247,16,1,0
BRDA:264,17,0,0
BRDA:264,17,1,0
BRDA:270,18,0,0
BRDA:270,18,1,0
BRDA:288,19,0,0
BRDA:288,19,1,0
BRDA:304,20,0,0
BRDA:304,20,1,0
BRDA:310,21,0,0
BRDA:310,21,1,0
BRDA:319,22,0,0
BRDA:319,22,1,0
BRDA:324,23,0,0
BRDA:324,23,1,0
BRDA:328,24,0,0
BRDA:328,24,1,0
BRDA:340,25,0,0
BRDA:340,25,1,0
BRDA:353,26,0,0
BRDA:353,26,1,0
BRDA:354,27,0,0
BRDA:354,27,1,0
BRDA:354,27,2,0
BRDA:361,28,0,0
BRDA:361,28,1,0
BRDA:365,29,0,0
BRDA:365,29,1,0
BRF:61
BRH:0
end_of_record
TN:
SF:src/screens/budget/BudgetScreen.tsx
FN:37,(anonymous_0)
FN:52,(anonymous_1)
FN:58,(anonymous_2)
FN:59,(anonymous_3)
FN:150,(anonymous_4)
FN:165,(anonymous_5)
FN:169,(anonymous_6)
FN:172,(anonymous_7)
FN:177,(anonymous_8)
FN:179,(anonymous_9)
FN:183,(anonymous_10)
FN:186,(anonymous_11)
FN:192,(anonymous_12)
FN:196,(anonymous_13)
FN:197,(anonymous_14)
FN:200,(anonymous_15)
FN:202,(anonymous_16)
FN:203,(anonymous_17)
FN:206,(anonymous_18)
FN:210,(anonymous_19)
FN:214,(anonymous_20)
FN:223,(anonymous_21)
FN:229,(anonymous_22)
FN:235,(anonymous_23)
FN:253,(anonymous_24)
FN:309,(anonymous_25)
FN:333,(anonymous_26)
FN:334,(anonymous_27)
FNF:28
FNH:0
FNDA:0,(anonymous_0)
FNDA:0,(anonymous_1)
FNDA:0,(anonymous_2)
FNDA:0,(anonymous_3)
FNDA:0,(anonymous_4)
FNDA:0,(anonymous_5)
FNDA:0,(anonymous_6)
FNDA:0,(anonymous_7)
FNDA:0,(anonymous_8)
FNDA:0,(anonymous_9)
FNDA:0,(anonymous_10)
FNDA:0,(anonymous_11)
FNDA:0,(anonymous_12)
FNDA:0,(anonymous_13)
FNDA:0,(anonymous_14)
FNDA:0,(anonymous_15)
FNDA:0,(anonymous_16)
FNDA:0,(anonymous_17)
FNDA:0,(anonymous_18)
FNDA:0,(anonymous_19)
FNDA:0,(anonymous_20)
FNDA:0,(anonymous_21)
FNDA:0,(anonymous_22)
FNDA:0,(anonymous_23)
FNDA:0,(anonymous_24)
FNDA:0,(anonymous_25)
FNDA:0,(anonymous_26)
FNDA:0,(anonymous_27)
DA:37,0
DA:43,0
DA:44,0
DA:45,0
DA:46,0
DA:47,0
DA:49,0
DA:53,0
DA:58,0
DA:59,0
DA:150,0
DA:151,0
DA:152,0
DA:153,0
DA:154,0
DA:155,0
DA:162,0
DA:165,0
DA:166,0
DA:169,0
DA:172,0
DA:173,0
DA:177,0
DA:178,0
DA:179,0
DA:183,0
DA:184,0
DA:185,0
DA:186,0
DA:187,0
DA:189,0
DA:192,0
DA:193,0
DA:196,0
DA:197,0
DA:200,0
DA:201,0
DA:202,0
DA:203,0
DA:206,0
DA:207,0
DA:210,0
DA:211,0
DA:214,0
DA:215,0
DA:223,0
DA:229,0
DA:230,0
DA:236,0
DA:237,0
DA:239,0
DA:240,0
DA:254,0
DA:255,0
DA:257,0
DA:258,0
DA:309,0
DA:310,0
DA:322,0
DA:333,0
DA:335,0
DA:364,0
LF:62
LH:0
BRDA:46,0,0,0
BRDA:46,0,1,0
BRDA:83,1,0,0
BRDA:83,1,1,0
BRDA:97,2,0,0
BRDA:97,2,1,0
BRDA:98,3,0,0
BRDA:98,3,1,0
BRDA:109,4,0,0
BRDA:109,4,1,0
BRDA:117,5,0,0
BRDA:117,5,1,0
BRDA:121,6,0,0
BRDA:121,6,1,0
BRDA:131,7,0,0
BRDA:131,7,1,0
BRDA:138,8,0,0
BRDA:138,8,1,0
BRDA:179,9,0,0
BRDA:179,9,1,0
BRDA:236,10,0,0
BRDA:236,10,1,0
BRDA:254,11,0,0
BRDA:254,11,1,0
BRDA:291,12,0,0
BRDA:291,12,1,0
BRDA:292,13,0,0
BRDA:292,13,1,0
BRDA:293,14,0,0
BRDA:293,14,1,0
BRDA:301,15,0,0
BRDA:301,15,1,0
BRDA:303,16,0,0
BRDA:303,16,1,0
BRDA:337,17,0,0
BRDA:337,17,1,0
BRDA:345,18,0,0
BRDA:345,18,1,0
BRF:38
BRH:0
end_of_record
TN:
SF:src/screens/settings/SettingsScreen.tsx
FN:29,(anonymous_0)
FN:56,(anonymous_1)
FN:71,(anonymous_2)
FN:77,(anonymous_3)
FN:79,(anonymous_4)
FN:91,(anonymous_5)
FN:103,(anonymous_6)
FN:117,(anonymous_7)
FN:126,(anonymous_8)
FN:135,(anonymous_9)
FN:145,(anonymous_10)
FN:149,(anonymous_11)
FN:241,(anonymous_12)
FN:259,(anonymous_13)
FN:266,(anonymous_14)
FN:273,(anonymous_15)
FNF:16
FNH:0
FNDA:0,(anonymous_0)
FNDA:0,(anonymous_1)
FNDA:0,(anonymous_2)
FNDA:0,(anonymous_3)
FNDA:0,(anonymous_4)
FNDA:0,(anonymous_5)
FNDA:0,(anonymous_6)
FNDA:0,(anonymous_7)
FNDA:0,(anonymous_8)
FNDA:0,(anonymous_9)
FNDA:0,(anonymous_10)
FNDA:0,(anonymous_11)
FNDA:0,(anonymous_12)
FNDA:0,(anonymous_13)
FNDA:0,(anonymous_14)
FNDA:0,(anonymous_15)
DA:29,0
DA:37,0
DA:56,0
DA:65,0
DA:67,0
DA:69,0
DA:71,0
DA:72,0
DA:77,0
DA:80,0
DA:81,0
DA:91,0
DA:92,0
DA:93,0
DA:94,0
DA:95,0
DA:97,0
DA:99,0
DA:103,0
DA:104,0
DA:105,0
DA:106,0
DA:108,0
DA:113,0
DA:117,0
DA:118,0
DA:127,0
DA:128,0
DA:135,0
DA:136,0
DA:143,0
DA:144,0
DA:145,0
DA:146,0
DA:149,0
DA:150,0
DA:152,0
DA:242,0
DA:259,0
DA:266,0
DA:274,0
DA:293,0
LF:42
LH:0
BRDA:35,0,0,0
BRDA:44,1,0,0
BRDA:44,1,1,0
BRDA:49,2,0,0
BRDA:49,2,1,0
BRDA:49,2,2,0
BRDA:146,3,0,0
BRDA:146,3,1,0
BRDA:174,4,0,0
BRDA:174,4,1,0
BRDA:190,5,0,0
BRDA:190,5,1,0
BRDA:197,6,0,0
BRDA:197,6,1,0
BRDA:199,7,0,0
BRDA:199,7,1,0
BRDA:274,8,0,0
BRDA:274,8,1,0
BRDA:283,9,0,0
BRDA:283,9,1,0
BRF:20
BRH:0
end_of_record
TN:
SF:src/screens/summary/SummaryScreen.tsx
FN:36,(anonymous_0)
FN:45,(anonymous_1)
FN:49,(anonymous_2)
FN:52,(anonymous_3)
FN:57,(anonymous_4)
FN:61,(anonymous_5)
FN:65,(anonymous_6)
FN:68,(anonymous_7)
FN:89,(anonymous_8)
FN:92,(anonymous_9)
FN:97,(anonymous_10)
FN:102,(anonymous_11)
FN:136,(anonymous_12)
FN:155,(anonymous_13)
FN:217,(anonymous_14)
FN:236,(anonymous_15)
FN:292,(anonymous_16)
FN:311,(anonymous_17)
FN:355,(anonymous_18)
FN:361,(anonymous_19)
FN:367,(anonymous_20)
FNF:21
FNH:0
FNDA:0,(anonymous_0)
FNDA:0,(anonymous_1)
FNDA:0,(anonymous_2)
FNDA:0,(anonymous_3)
FNDA:0,(anonymous_4)
FNDA:0,(anonymous_5)
FNDA:0,(anonymous_6)
FNDA:0,(anonymous_7)
FNDA:0,(anonymous_8)
FNDA:0,(anonymous_9)
FNDA:0,(anonymous_10)
FNDA:0,(anonymous_11)
FNDA:0,(anonymous_12)
FNDA:0,(anonymous_13)
FNDA:0,(anonymous_14)
FNDA:0,(anonymous_15)
FNDA:0,(anonymous_16)
FNDA:0,(anonymous_17)
FNDA:0,(anonymous_18)
FNDA:0,(anonymous_19)
FNDA:0,(anonymous_20)
DA:26,0
DA:36,0
DA:37,0
DA:38,0
DA:39,0
DA:40,0
DA:42,0
DA:45,0
DA:46,0
DA:49,0
DA:52,0
DA:53,0
DA:57,0
DA:58,0
DA:61,0
DA:62,0
DA:65,0
DA:66,0
DA:68,0
DA:69,0
DA:77,0
DA:78,0
DA:79,0
DA:81,0
DA:82,0
DA:85,0
DA:86,0
DA:89,0
DA:92,0
DA:97,0
DA:102,0
DA:103,0
DA:136,0
DA:137,0
DA:138,0
DA:152,0
DA:156,0
DA:157,0
DA:158,0
DA:160,0
DA:217,0
DA:218,0
DA:219,0
DA:233,0
DA:237,0
DA:238,0
DA:240,0
DA:283,0
DA:294,0
DA:295,0
DA:297,0
DA:298,0
DA:313,0
DA:314,0
DA:316,0
DA:317,0
DA:355,0
DA:361,0
DA:367,0
DA:380,0
LF:60
LH:0
BRDA:69,0,0,0
BRDA:69,0,1,0
BRDA:77,1,0,0
BRDA:77,1,1,0
BRDA:107,2,0,0
BRDA:107,2,1,0
BRDA:137,3,0,0
BRDA:137,3,1,0
BRDA:180,4,0,0
BRDA:180,4,1,0
BRDA:192,5,0,0
BRDA:192,5,1,0
BRDA:193,6,0,0
BRDA:193,6,1,0
BRDA:205,7,0,0
BRDA:205,7,1,0
BRDA:207,8,0,0
BRDA:207,8,1,0
BRDA:218,9,0,0
BRDA:218,9,1,0
BRDA:258,10,0,0
BRDA:258,10,1,0
BRDA:266,11,0,0
BRDA:266,11,1,0
BRDA:268,12,0,0
BRDA:268,12,1,0
BRDA:270,13,0,0
BRDA:270,13,1,0
BRDA:270,13,2,0
BRDA:294,14,0,0
BRDA:294,14,1,0
BRDA:313,15,0,0
BRDA:313,15,1,0
BRF:33
BRH:0
end_of_record
TN:
SF:src/screens/transactions/AddTransactionScreen.tsx
FN:43,(anonymous_0)
FN:71,(anonymous_1)
FN:85,(anonymous_2)
FN:91,(anonymous_3)
FN:99,(anonymous_4)
FN:107,(anonymous_5)
FN:128,(anonymous_6)
FN:149,(anonymous_7)
FN:217,(anonymous_8)
FN:242,(anonymous_9)
FN:242,(anonymous_10)
FN:262,(anonymous_11)
FN:262,(anonymous_12)
FN:289,(anonymous_13)
FN:289,(anonymous_14)
FN:297,(anonymous_15)
FN:304,(anonymous_16)
FN:304,(anonymous_17)
FN:339,(anonymous_18)
FN:350,(anonymous_19)
FN:350,(anonymous_20)
FN:374,(anonymous_21)
FN:394,(anonymous_22)
FN:394,(anonymous_23)
FN:409,(anonymous_24)
FN:412,(anonymous_25)
FNF:26
FNH:0
FNDA:0,(anonymous_0)
FNDA:0,(anonymous_1)
FNDA:0,(anonymous_2)
FNDA:0,(anonymous_3)
FNDA:0,(anonymous_4)
FNDA:0,(anonymous_5)
FNDA:0,(anonymous_6)
FNDA:0,(anonymous_7)
FNDA:0,(anonymous_8)
FNDA:0,(anonymous_9)
FNDA:0,(anonymous_10)
FNDA:0,(anonymous_11)
FNDA:0,(anonymous_12)
FNDA:0,(anonymous_13)
FNDA:0,(anonymous_14)
FNDA:0,(anonymous_15)
FNDA:0,(anonymous_16)
FNDA:0,(anonymous_17)
FNDA:0,(anonymous_18)
FNDA:0,(anonymous_19)
FNDA:0,(anonymous_20)
FNDA:0,(anonymous_21)
FNDA:0,(anonymous_22)
FNDA:0,(anonymous_23)
FNDA:0,(anonymous_24)
FNDA:0,(anonymous_25)
DA:43,0
DA:44,0
DA:45,0
DA:46,0
DA:48,0
DA:51,0
DA:61,0
DA:62,0
DA:63,0
DA:68,0
DA:71,0
DA:72,0
DA:73,0
DA:85,0
DA:86,0
DA:90,0
DA:91,0
DA:99,0
DA:100,0
DA:101,0
DA:103,0
DA:107,0
DA:108,0
DA:109,0
DA:110,0
DA:111,0
DA:114,0
DA:115,0
DA:121,0
DA:123,0
DA:124,0
DA:128,0
DA:129,0
DA:132,0
DA:133,0
DA:134,0
DA:135,0
DA:139,0
DA:140,0
DA:141,0
DA:142,0
DA:145,0
DA:146,0
DA:149,0
DA:150,0
DA:151,0
DA:152,0
DA:155,0
DA:157,0
DA:158,0
DA:159,0
DA:162,0
DA:163,0
DA:168,0
DA:171,0
DA:172,0
DA:175,0
DA:185,0
DA:186,0
DA:188,0
DA:191,0
DA:193,0
DA:194,0
DA:199,0
DA:203,0
DA:207,0
DA:208,0
DA:210,0
DA:217,0
DA:242,0
DA:262,0
DA:289,0
DA:298,0
DA:304,0
DA:340,0
DA:341,0
DA:343,0
DA:350,0
DA:374,0
DA:394,0
DA:410,0
DA:411,0
DA:412,0
DA:422,0
LF:84
LH:0
BRDA:46,0,0,0
BRDA:46,0,1,0
BRDA:72,1,0,0
BRDA:72,1,1,0
BRDA:79,2,0,0
BRDA:79,2,1,0
BRDA:86,3,0,0
BRDA:86,3,1,0
BRDA:90,4,0,0
BRDA:90,4,1,0
BRDA:100,5,0,0
BRDA:100,5,1,0
BRDA:100,6,0,0
BRDA:100,6,1,0
BRDA:109,7,0,0
BRDA:109,7,1,0
BRDA:132,8,0,0
BRDA:132,8,1,0
BRDA:134,9,0,0
BRDA:134,9,1,0
BRDA:141,10,0,0
BRDA:141,10,1,0
BRDA:150,11,0,0
BRDA:150,11,1,0
BRDA:162,12,0,0
BRDA:162,12,1,0
BRDA:182,13,0,0
BRDA:182,13,1,0
BRDA:185,14,0,0
BRDA:185,14,1,0
BRDA:203,15,0,0
BRDA:203,15,1,0
BRDA:213,16,0,0
BRDA:213,16,1,0
BRDA:221,17,0,0
BRDA:221,17,1,0
BRDA:224,18,0,0
BRDA:224,18,1,0
BRDA:240,19,0,0
BRDA:240,19,1,0
BRDA:247,20,0,0
BRDA:247,20,1,0
BRDA:251,21,0,0
BRDA:251,21,1,0
BRDA:260,22,0,0
BRDA:260,22,1,0
BRDA:267,23,0,0
BRDA:267,23,1,0
BRDA:271,24,0,0
BRDA:271,24,1,0
BRDA:286,25,0,0
BRDA:286,25,1,0
BRDA:302,26,0,0
BRDA:302,26,1,0
BRDA:308,27,0,0
BRDA:308,27,1,0
BRDA:317,28,0,0
BRDA:317,28,1,0
BRDA:322,29,0,0
BRDA:322,29,1,0
BRDA:326,30,0,0
BRDA:326,30,1,0
BRDA:348,31,0,0
BRDA:348,31,1,0
BRDA:355,32,0,0
BRDA:355,32,1,0
BRDA:359,33,0,0
BRDA:359,33,1,0
BRDA:373,34,0,0
BRDA:373,34,1,0
BRDA:383,35,0,0
BRDA:383,35,1,0
BRDA:383,35,2,0
BRDA:404,36,0,0
BRDA:404,36,1,0
BRDA:408,37,0,0
BRDA:408,37,1,0
BRDA:411,38,0,0
BRDA:411,38,1,0
BRF:79
BRH:0
end_of_record
TN:
SF:src/screens/transactions/TransactionDetailsScreen.tsx
FN:28,(anonymous_0)
FN:35,(anonymous_1)
FN:48,(anonymous_2)
FN:61,(anonymous_3)
FN:65,(anonymous_4)
FN:74,(anonymous_5)
FNF:6
FNH:0
FNDA:0,(anonymous_0)
FNDA:0,(anonymous_1)
FNDA:0,(anonymous_2)
FNDA:0,(anonymous_3)
FNDA:0,(anonymous_4)
FNDA:0,(anonymous_5)
DA:28,0
DA:29,0
DA:30,0
DA:31,0
DA:33,0
DA:35,0
DA:37,0
DA:38,0
DA:48,0
DA:57,0
DA:58,0
DA:59,0
DA:61,0
DA:62,0
DA:65,0
DA:66,0
DA:75,0
DA:76,0
DA:83,0
DA:252,0
LF:20
LH:0
BRDA:37,0,0,0
BRDA:37,0,1,0
BRDA:98,1,0,0
BRDA:98,1,1,0
BRDA:100,2,0,0
BRDA:100,2,1,0
BRDA:103,3,0,0
BRDA:103,3,1,0
BRDA:110,4,0,0
BRDA:110,4,1,0
BRDA:113,5,0,0
BRDA:113,5,1,0
BRDA:115,6,0,0
BRDA:115,6,1,0
BRDA:144,7,0,0
BRDA:144,7,1,0
BRDA:166,8,0,0
BRDA:166,8,1,0
BRDA:178,9,0,0
BRDA:178,9,1,0
BRF:20
BRH:0
end_of_record
TN:
SF:src/screens/transactions/TransactionsScreen.tsx
FN:29,(anonymous_0)
FN:42,(anonymous_1)
FN:43,(anonymous_2)
FN:49,(anonymous_3)
FN:50,(anonymous_4)
FN:91,(anonymous_5)
FN:102,(anonymous_6)
FN:106,(anonymous_7)
FN:112,(anonymous_8)
FN:116,(anonymous_9)
FN:120,(anonymous_10)
FN:129,(anonymous_11)
FN:135,(anonymous_12)
FN:139,(anonymous_13)
FN:142,(anonymous_14)
FN:147,(anonymous_15)
FN:149,(anonymous_16)
FN:150,(anonymous_17)
FN:153,(anonymous_18)
FN:155,(anonymous_19)
FN:156,(anonymous_20)
FN:161,(anonymous_21)
FN:191,(anonymous_22)
FN:199,(anonymous_23)
FN:207,(anonymous_24)
FN:217,(anonymous_25)
FN:241,(anonymous_26)
FN:242,(anonymous_27)
FNF:28
FNH:0
FNDA:0,(anonymous_0)
FNDA:0,(anonymous_1)
FNDA:0,(anonymous_2)
FNDA:0,(anonymous_3)
FNDA:0,(anonymous_4)
FNDA:0,(anonymous_5)
FNDA:0,(anonymous_6)
FNDA:0,(anonymous_7)
FNDA:0,(anonymous_8)
FNDA:0,(anonymous_9)
FNDA:0,(anonymous_10)
FNDA:0,(anonymous_11)
FNDA:0,(anonymous_12)
FNDA:0,(anonymous_13)
FNDA:0,(anonymous_14)
FNDA:0,(anonymous_15)
FNDA:0,(anonymous_16)
FNDA:0,(anonymous_17)
FNDA:0,(anonymous_18)
FNDA:0,(anonymous_19)
FNDA:0,(anonymous_20)
FNDA:0,(anonymous_21)
FNDA:0,(anonymous_22)
FNDA:0,(anonymous_23)
FNDA:0,(anonymous_24)
FNDA:0,(anonymous_25)
FNDA:0,(anonymous_26)
FNDA:0,(anonymous_27)
DA:29,0
DA:35,0
DA:36,0
DA:37,0
DA:39,0
DA:42,0
DA:44,0
DA:49,0
DA:50,0
DA:91,0
DA:92,0
DA:93,0
DA:94,0
DA:100,0
DA:102,0
DA:103,0
DA:105,0
DA:106,0
DA:109,0
DA:112,0
DA:113,0
DA:116,0
DA:117,0
DA:120,0
DA:121,0
DA:129,0
DA:135,0
DA:136,0
DA:139,0
DA:140,0
DA:142,0
DA:143,0
DA:147,0
DA:148,0
DA:149,0
DA:150,0
DA:153,0
DA:154,0
DA:155,0
DA:156,0
DA:159,0
DA:161,0
DA:162,0
DA:191,0
DA:199,0
DA:207,0
DA:217,0
DA:218,0
DA:230,0
DA:241,0
DA:243,0
DA:264,0
LF:52
LH:0
BRDA:66,0,0,0
BRDA:66,0,1,0
BRDA:77,1,0,0
BRDA:77,1,1,0
BRDA:79,2,0,0
BRDA:79,2,1,0
BRDA:81,3,0,0
BRDA:81,3,1,0
BRDA:105,4,0,0
BRDA:105,4,1,0
BRDA:167,5,0,0
BRDA:167,5,1,0
BRDA:190,6,0,0
BRDA:190,6,1,0
BRDA:193,7,0,0
BRDA:193,7,1,0
BRDA:198,8,0,0
BRDA:198,8,1,0
BRDA:201,9,0,0
BRDA:201,9,1,0
BRDA:206,10,0,0
BRDA:206,10,1,0
BRDA:209,11,0,0
BRDA:209,11,1,0
BRDA:253,12,0,0
BRDA:253,12,1,0
BRF:26
BRH:0
end_of_record
TN:
SF:src/services/currency/CurrencyService.ts
FN:23,(anonymous_0)
FN:37,(anonymous_1)
FN:38,(anonymous_2)
FN:39,(anonymous_3)
FN:89,(anonymous_4)
FN:122,(anonymous_5)
FN:166,(anonymous_6)
FN:195,(anonymous_7)
FN:203,(anonymous_8)
FN:230,(anonymous_9)
FN:238,(anonymous_10)
FN:255,(anonymous_11)
FN:268,(anonymous_12)
FN:299,(anonymous_13)
FN:377,(anonymous_14)
FN:390,(anonymous_15)
FN:402,(anonymous_16)
FN:411,(anonymous_17)
FNF:18
FNH:10
FNDA:1,(anonymous_0)
FNDA:1,(anonymous_1)
FNDA:0,(anonymous_2)
FNDA:0,(anonymous_3)
FNDA:1,(anonymous_4)
FNDA:0,(anonymous_5)
FNDA:0,(anonymous_6)
FNDA:1,(anonymous_7)
FNDA:163,(anonymous_8)
FNDA:163,(anonymous_9)
FNDA:0,(anonymous_10)
FNDA:0,(anonymous_11)
FNDA:0,(anonymous_12)
FNDA:3,(anonymous_13)
FNDA:2,(anonymous_14)
FNDA:3,(anonymous_15)
FNDA:0,(anonymous_16)
FNDA:7,(anonymous_17)
DA:6,2
DA:7,2
DA:8,2
DA:17,2
DA:18,2
DA:24,1
DA:25,1
DA:28,1
DA:29,0
DA:30,0
DA:33,1
DA:36,1
DA:37,1
DA:38,0
DA:39,0
DA:42,1
DA:43,1
DA:44,1
DA:45,1
DA:48,1
DA:53,1
DA:54,1
DA:56,0
DA:58,0
DA:59,0
DA:62,0
DA:63,0
DA:64,0
DA:68,0
DA:69,0
DA:72,0
DA:77,0
DA:83,0
DA:90,1
DA:100,1
DA:106,1
DA:107,0
DA:110,1
DA:123,0
DA:124,0
DA:129,0
DA:131,0
DA:140,0
DA:149,0
DA:150,0
DA:151,0
DA:154,0
DA:168,0
DA:199,1
DA:200,1
DA:203,1
DA:204,163
DA:205,5
DA:206,5
DA:216,1
DA:217,1
DA:224,1
DA:231,163
DA:239,0
DA:242,0
DA:250,0
DA:251,0
DA:254,0
DA:255,0
DA:256,0
DA:257,0
DA:266,0
DA:268,0
DA:269,0
DA:272,0
DA:273,0
DA:274,0
DA:275,0
DA:278,0
DA:281,0
DA:290,0
DA:293,0
DA:304,3
DA:305,2
DA:312,1
DA:313,1
DA:314,1
DA:315,1
DA:317,1
DA:318,0
DA:321,0
DA:322,0
DA:323,0
DA:325,0
DA:326,0
DA:327,0
DA:329,0
DA:330,0
DA:331,0
DA:333,0
DA:341,0
DA:344,1
DA:345,1
DA:347,1
DA:353,0
DA:356,0
DA:357,0
DA:358,0
DA:359,0
DA:361,0
DA:362,0
DA:363,0
DA:370,0
DA:378,2
DA:391,3
DA:392,3
DA:394,3
DA:396,0
DA:403,0
DA:404,0
DA:405,0
DA:412,7
DA:413,7
DA:418,2
LF:119
LH:49
BRDA:23,0,0,0
BRDA:28,1,0,0
BRDA:28,1,1,1
BRDA:28,2,0,1
BRDA:28,2,1,0
BRDA:56,3,0,0
BRDA:56,3,1,0
BRDA:58,4,0,0
BRDA:58,4,1,0
BRDA:62,5,0,0
BRDA:62,5,1,0
BRDA:103,6,0,1
BRDA:103,6,1,0
BRDA:106,7,0,0
BRDA:106,7,1,1
BRDA:144,8,0,0
BRDA:144,8,1,0
BRDA:149,9,0,0
BRDA:149,9,1,0
BRDA:149,10,0,0
BRDA:149,10,1,0
BRDA:204,11,0,5
BRDA:204,11,1,158
BRDA:254,12,0,0
BRDA:254,12,1,0
BRDA:272,13,0,0
BRDA:272,13,1,0
BRDA:274,14,0,0
BRDA:274,14,1,0
BRDA:304,15,0,2
BRDA:304,15,1,1
BRDA:317,16,0,0
BRDA:317,16,1,1
BRDA:321,17,0,0
BRDA:321,17,1,0
BRDA:321,18,0,0
BRDA:321,18,1,0
BRDA:329,19,0,0
BRDA:329,19,1,0
BRDA:329,20,0,0
BRDA:329,20,1,0
BRDA:361,21,0,0
BRDA:361,21,1,0
BRDA:390,22,0,0
BRDA:394,23,0,3
BRDA:394,23,1,0
BRDA:402,24,0,0
BRF:47
BRH:10
end_of_record
TN:
SF:src/store/useFinanceStore.ts
FN:64,(anonymous_0)
FN:74,(anonymous_1)
FN:83,(anonymous_2)
FN:88,(anonymous_3)
FN:89,(anonymous_4)
FN:90,(anonymous_5)
FN:98,(anonymous_6)
FN:99,(anonymous_7)
FN:100,(anonymous_8)
FN:104,(anonymous_9)
FN:106,(anonymous_10)
FN:115,(anonymous_11)
FN:117,(anonymous_12)
FN:121,(anonymous_13)
FN:130,(anonymous_14)
FN:135,(anonymous_15)
FN:136,(anonymous_16)
FN:137,(anonymous_17)
FN:145,(anonymous_18)
FN:146,(anonymous_19)
FN:147,(anonymous_20)
FN:151,(anonymous_21)
FN:153,(anonymous_22)
FN:161,(anonymous_23)
FN:162,(anonymous_24)
FN:167,(anonymous_25)
FN:184,(anonymous_26)
FN:189,(anonymous_27)
FN:190,(anonymous_28)
FN:193,(anonymous_29)
FN:194,(anonymous_30)
FN:210,(anonymous_31)
FN:213,(anonymous_32)
FN:215,(anonymous_33)
FN:217,(anonymous_34)
FN:218,(anonymous_35)
FN:236,(anonymous_36)
FN:241,(anonymous_37)
FN:245,(anonymous_38)
FN:249,(anonymous_39)
FN:254,(anonymous_40)
FN:263,(anonymous_41)
FN:268,(anonymous_42)
FN:277,(anonymous_43)
FN:278,(anonymous_44)
FNF:45
FNH:0
FNDA:0,(anonymous_0)
FNDA:0,(anonymous_1)
FNDA:0,(anonymous_2)
FNDA:0,(anonymous_3)
FNDA:0,(anonymous_4)
FNDA:0,(anonymous_5)
FNDA:0,(anonymous_6)
FNDA:0,(anonymous_7)
FNDA:0,(anonymous_8)
FNDA:0,(anonymous_9)
FNDA:0,(anonymous_10)
FNDA:0,(anonymous_11)
FNDA:0,(anonymous_12)
FNDA:0,(anonymous_13)
FNDA:0,(anonymous_14)
FNDA:0,(anonymous_15)
FNDA:0,(anonymous_16)
FNDA:0,(anonymous_17)
FNDA:0,(anonymous_18)
FNDA:0,(anonymous_19)
FNDA:0,(anonymous_20)
FNDA:0,(anonymous_21)
FNDA:0,(anonymous_22)
FNDA:0,(anonymous_23)
FNDA:0,(anonymous_24)
FNDA:0,(anonymous_25)
FNDA:0,(anonymous_26)
FNDA:0,(anonymous_27)
FNDA:0,(anonymous_28)
FNDA:0,(anonymous_29)
FNDA:0,(anonymous_30)
FNDA:0,(anonymous_31)
FNDA:0,(anonymous_32)
FNDA:0,(anonymous_33)
FNDA:0,(anonymous_34)
FNDA:0,(anonymous_35)
FNDA:0,(anonymous_36)
FNDA:0,(anonymous_37)
FNDA:0,(anonymous_38)
FNDA:0,(anonymous_39)
FNDA:0,(anonymous_40)
FNDA:0,(anonymous_41)
FNDA:0,(anonymous_42)
FNDA:0,(anonymous_43)
FNDA:0,(anonymous_44)
DA:62,0
DA:64,0
DA:75,0
DA:76,0
DA:83,0
DA:89,0
DA:91,0
DA:99,0
DA:100,0
DA:105,0
DA:106,0
DA:107,0
DA:108,0
DA:116,0
DA:117,0
DA:122,0
DA:123,0
DA:130,0
DA:136,0
DA:138,0
DA:146,0
DA:147,0
DA:152,0
DA:153,0
DA:154,0
DA:162,0
DA:168,0
DA:170,0
DA:171,0
DA:172,0
DA:174,0
DA:175,0
DA:176,0
DA:177,0
DA:180,0
DA:185,0
DA:186,0
DA:188,0
DA:189,0
DA:190,0
DA:192,0
DA:193,0
DA:194,0
DA:196,0
DA:198,0
DA:200,0
DA:211,0
DA:212,0
DA:213,0
DA:215,0
DA:216,0
DA:217,0
DA:218,0
DA:220,0
DA:221,0
DA:222,0
DA:224,0
DA:237,0
DA:242,0
DA:246,0
DA:250,0
DA:255,0
DA:264,0
DA:265,0
DA:269,0
DA:277,0
DA:278,0
LF:67
LH:0
BRDA:91,0,0,0
BRDA:91,0,1,0
BRDA:109,1,0,0
BRDA:109,1,1,0
BRDA:138,2,0,0
BRDA:138,2,1,0
BRDA:154,3,0,0
BRDA:154,3,1,0
BRDA:154,3,2,0
BRDA:168,4,0,0
BRDA:168,4,1,0
BRDA:174,5,0,0
BRDA:174,5,1,0
BRDA:176,6,0,0
BRDA:176,6,1,0
BRDA:213,7,0,0
BRDA:213,7,1,0
BRDA:217,8,0,0
BRDA:217,8,1,0
BRDA:221,9,0,0
BRDA:221,9,1,0
BRDA:270,10,0,0
BRDA:270,10,1,0
BRDA:271,11,0,0
BRDA:271,11,1,0
BRF:25
BRH:0
end_of_record
TN:
SF:src/utils/debugCurrencyTest.ts
FN:3,(anonymous_0)
FNF:1
FNH:0
FNDA:0,(anonymous_0)
DA:3,0
DA:4,0
DA:7,0
DA:8,0
DA:9,0
DA:12,0
DA:13,0
DA:14,0
DA:15,0
DA:21,0
DA:22,0
DA:24,0
DA:29,0
DA:30,0
DA:31,0
DA:34,0
DA:35,0
DA:36,0
DA:37,0
DA:39,0
DA:40,0
DA:42,0
DA:47,0
DA:48,0
DA:49,0
DA:52,0
DA:53,0
DA:54,0
DA:60,0
DA:61,0
DA:63,0
DA:67,0
LF:32
LH:0
BRDA:14,0,0,0
BRDA:14,0,1,0
BRDA:21,1,0,0
BRDA:21,1,1,0
BRDA:39,2,0,0
BRDA:39,2,1,0
BRDA:60,3,0,0
BRDA:60,3,1,0
BRF:8
BRH:0
end_of_record
TN:
SF:src/utils/helpers-fixed.ts
FN:1,(anonymous_0)
FN:30,(anonymous_1)
FN:53,(anonymous_2)
FNF:3
FNH:0
FNDA:0,(anonymous_0)
FNDA:0,(anonymous_1)
FNDA:0,(anonymous_2)
DA:1,0
DA:2,0
DA:5,0
DA:6,0
DA:8,0
DA:12,0
DA:13,0
DA:15,0
DA:16,0
DA:17,0
DA:18,0
DA:19,0
DA:22,0
DA:26,0
DA:27,0
DA:30,0
DA:31,0
DA:34,0
DA:36,0
DA:37,0
DA:39,0
DA:41,0
DA:42,0
DA:44,0
DA:45,0
DA:47,0
DA:50,0
DA:53,0
DA:54,0
DA:55,0
DA:57,0
LF:31
LH:0
BRDA:2,0,0,0
BRDA:2,0,1,0
BRDA:6,1,0,0
BRDA:6,1,1,0
BRDA:8,2,0,0
BRDA:8,2,1,0
BRDA:12,3,0,0
BRDA:12,3,1,0
BRDA:13,4,0,0
BRDA:13,4,1,0
BRDA:15,5,0,0
BRDA:15,5,1,0
BRDA:15,6,0,0
BRDA:15,6,1,0
BRDA:16,7,0,0
BRDA:16,7,1,0
BRDA:16,8,0,0
BRDA:16,8,1,0
BRDA:19,9,0,0
BRDA:19,9,1,0
BRDA:27,10,0,0
BRDA:27,10,1,0
BRDA:31,11,0,0
BRDA:31,11,1,0
BRDA:39,12,0,0
BRDA:39,12,1,0
BRDA:39,13,0,0
BRDA:39,13,1,0
BRDA:42,14,0,0
BRDA:42,14,1,0
BRDA:42,15,0,0
BRDA:42,15,1,0
BRDA:45,16,0,0
BRDA:45,16,1,0
BRDA:45,17,0,0
BRDA:45,17,1,0
BRDA:50,18,0,0
BRDA:50,18,1,0
BRF:38
BRH:0
end_of_record
TN:
SF:src/utils/helpers.ts
FN:4,(anonymous_0)
FN:9,(anonymous_1)
FN:13,(anonymous_2)
FN:17,(anonymous_3)
FN:26,(anonymous_4)
FN:34,(anonymous_5)
FN:39,(anonymous_6)
FN:57,(anonymous_7)
FN:69,(anonymous_8)
FN:149,(anonymous_9)
FN:153,(anonymous_10)
FN:157,(anonymous_11)
FN:161,(anonymous_12)
FN:164,(anonymous_13)
FN:168,(anonymous_14)
FN:171,(anonymous_15)
FN:176,(anonymous_16)
FN:181,(anonymous_17)
FN:185,(anonymous_18)
FN:194,(anonymous_19)
FN:198,(anonymous_20)
FN:205,(anonymous_21)
FN:206,(anonymous_22)
FN:220,(anonymous_23)
FN:226,(anonymous_24)
FN:228,(anonymous_25)
FN:233,(anonymous_26)
FN:246,(anonymous_27)
FN:250,(anonymous_28)
FN:256,(anonymous_29)
FN:270,(anonymous_30)
FNF:31
FNH:0
FNDA:0,(anonymous_0)
FNDA:0,(anonymous_1)
FNDA:0,(anonymous_2)
FNDA:0,(anonymous_3)
FNDA:0,(anonymous_4)
FNDA:0,(anonymous_5)
FNDA:0,(anonymous_6)
FNDA:0,(anonymous_7)
FNDA:0,(anonymous_8)
FNDA:0,(anonymous_9)
FNDA:0,(anonymous_10)
FNDA:0,(anonymous_11)
FNDA:0,(anonymous_12)
FNDA:0,(anonymous_13)
FNDA:0,(anonymous_14)
FNDA:0,(anonymous_15)
FNDA:0,(anonymous_16)
FNDA:0,(anonymous_17)
FNDA:0,(anonymous_18)
FNDA:0,(anonymous_19)
FNDA:0,(anonymous_20)
FNDA:0,(anonymous_21)
FNDA:0,(anonymous_22)
FNDA:0,(anonymous_23)
FNDA:0,(anonymous_24)
FNDA:0,(anonymous_25)
FNDA:0,(anonymous_26)
FNDA:0,(anonymous_27)
FNDA:0,(anonymous_28)
FNDA:0,(anonymous_29)
FNDA:0,(anonymous_30)
DA:4,2
DA:5,0
DA:9,2
DA:10,0
DA:13,2
DA:14,0
DA:17,2
DA:18,0
DA:19,0
DA:26,2
DA:27,0
DA:31,0
DA:34,2
DA:35,0
DA:39,2
DA:40,0
DA:48,0
DA:50,0
DA:57,2
DA:58,0
DA:65,0
DA:69,2
DA:70,0
DA:149,2
DA:150,0
DA:153,2
DA:154,0
DA:157,2
DA:158,0
DA:161,2
DA:162,0
DA:163,0
DA:164,0
DA:168,2
DA:169,0
DA:170,0
DA:171,0
DA:176,2
DA:177,0
DA:178,0
DA:181,2
DA:182,0
DA:185,2
DA:187,0
DA:189,0
DA:190,0
DA:194,2
DA:198,0
DA:199,0
DA:200,0
DA:201,0
DA:205,2
DA:206,0
DA:207,0
DA:208,0
DA:210,0
DA:211,0
DA:213,0
DA:215,0
DA:220,2
DA:226,0
DA:227,0
DA:228,0
DA:233,2
DA:234,0
DA:235,0
DA:238,0
DA:239,0
DA:242,0
DA:246,2
DA:247,0
DA:250,2
DA:251,0
DA:252,0
DA:256,2
DA:257,0
DA:259,0
DA:260,0
DA:263,0
DA:264,0
DA:267,0
DA:270,2
DA:271,0
DA:272,0
DA:274,0
LF:85
LH:25
BRDA:18,0,0,0
BRDA:18,0,1,0
BRDA:31,1,0,0
BRDA:31,1,1,0
BRDA:39,2,0,0
BRDA:48,3,0,0
BRDA:48,3,1,0
BRDA:53,4,0,0
BRDA:53,4,1,0
BRDA:65,5,0,0
BRDA:65,5,1,0
BRDA:178,6,0,0
BRDA:178,6,1,0
BRDA:190,7,0,0
BRDA:190,7,1,0
BRDA:196,8,0,0
BRDA:201,9,0,0
BRDA:201,9,1,0
BRDA:210,10,0,0
BRDA:210,10,1,0
BRDA:234,11,0,0
BRDA:234,11,1,0
BRDA:238,12,0,0
BRDA:238,12,1,0
BRDA:251,13,0,0
BRDA:251,13,1,0
BRDA:259,14,0,0
BRDA:259,14,1,0
BRDA:259,15,0,0
BRDA:259,15,1,0
BRDA:263,16,0,0
BRDA:263,16,1,0
BRDA:263,17,0,0
BRDA:263,17,1,0
BRF:34
BRH:0
end_of_record
